2025-10-19 20:10:15.472 +02:00 [INF] User profile is available. Using 'C:\Users\cosku\AppData\Local\ASP.NET\DataProtection-Keys' as key repository and Windows DPAPI to encrypt keys at rest.
2025-10-19 20:10:15.660 +02:00 [INF] Now listening on: http://localhost:5003
2025-10-19 20:10:15.662 +02:00 [INF] Application started. Press Ctrl+C to shut down.
2025-10-19 20:10:15.662 +02:00 [INF] Hosting environment: Development
2025-10-19 20:10:15.662 +02:00 [INF] Content root path: C:\Users\cosku\Desktop\Oslomet Emner\ITPE3200-1 24H Webapplikasjoner\HomeCare\webprogrammering2025\Homecare
2025-10-19 20:10:19.351 +02:00 [INF] Request starting HTTP/1.1 GET http://localhost:5003/Personnel/Dashboard?personnelId=4 - null null
2025-10-19 20:10:19.376 +02:00 [INF] Executing endpoint 'Homecare.Controllers.PersonnelController.Dashboard (Homecare)'
2025-10-19 20:10:19.384 +02:00 [INF] Route matched with {action = "Dashboard", controller = "Personnel", page = "", area = ""}. Executing controller action with signature System.Threading.Tasks.Task`1[Microsoft.AspNetCore.Mvc.IActionResult] Dashboard(System.Nullable`1[System.Int32]) on controller Homecare.Controllers.PersonnelController (Homecare).
2025-10-19 20:10:19.453 +02:00 [INF] Executing ViewResult, running view Dashboard.
2025-10-19 20:10:19.519 +02:00 [INF] Executed ViewResult - view Dashboard executed in 66.1152ms.
2025-10-19 20:10:19.520 +02:00 [INF] Executed action Homecare.Controllers.PersonnelController.Dashboard (Homecare) in 134.9833ms
2025-10-19 20:10:19.520 +02:00 [INF] Executed endpoint 'Homecare.Controllers.PersonnelController.Dashboard (Homecare)'
2025-10-19 20:10:19.524 +02:00 [INF] Request finished HTTP/1.1 GET http://localhost:5003/Personnel/Dashboard?personnelId=4 - 200 null text/html; charset=utf-8 173.2405ms
2025-10-19 20:10:20.794 +02:00 [INF] Request starting HTTP/1.1 POST http://localhost:5003/Identity/Account/Logout?returnUrl=%2F - application/x-www-form-urlencoded 225
2025-10-19 20:10:20.799 +02:00 [INF] Executing endpoint '/Account/Logout'
2025-10-19 20:10:20.803 +02:00 [INF] Route matched with {page = "/Account/Logout", area = "Identity", action = "", controller = ""}. Executing page /Account/Logout
2025-10-19 20:10:20.811 +02:00 [INF] Executing handler method Homecare.Areas.Identity.Pages.Account.LogoutModel.OnPost - ModelState is "Valid"
2025-10-19 20:10:20.814 +02:00 [INF] AuthenticationScheme: Identity.Application signed out.
2025-10-19 20:10:20.814 +02:00 [INF] AuthenticationScheme: Identity.External signed out.
2025-10-19 20:10:20.814 +02:00 [INF] AuthenticationScheme: Identity.TwoFactorUserId signed out.
2025-10-19 20:10:20.815 +02:00 [INF] User logged out.
2025-10-19 20:10:20.815 +02:00 [INF] Executed handler method OnPost, returned result Microsoft.AspNetCore.Mvc.LocalRedirectResult.
2025-10-19 20:10:20.816 +02:00 [INF] Executing LocalRedirectResult, redirecting to /.
2025-10-19 20:10:20.816 +02:00 [INF] Executed page /Account/Logout in 12.4703ms
2025-10-19 20:10:20.816 +02:00 [INF] Executed endpoint '/Account/Logout'
2025-10-19 20:10:20.816 +02:00 [INF] Request finished HTTP/1.1 POST http://localhost:5003/Identity/Account/Logout?returnUrl=%2F - 302 0 null 21.9903ms
2025-10-19 20:10:20.819 +02:00 [INF] Request starting HTTP/1.1 GET http://localhost:5003/ - null null
2025-10-19 20:10:20.821 +02:00 [INF] Executing endpoint 'Homecare.Controllers.HomeController.Index (Homecare)'
2025-10-19 20:10:20.822 +02:00 [INF] Route matched with {action = "Index", controller = "Home", page = "", area = ""}. Executing controller action with signature Microsoft.AspNetCore.Mvc.IActionResult Index() on controller Homecare.Controllers.HomeController (Homecare).
2025-10-19 20:10:20.823 +02:00 [INF] Executing ViewResult, running view Index.
2025-10-19 20:10:20.838 +02:00 [INF] Executed ViewResult - view Index executed in 15.5624ms.
2025-10-19 20:10:20.838 +02:00 [INF] Executed action Homecare.Controllers.HomeController.Index (Homecare) in 16.4337ms
2025-10-19 20:10:20.838 +02:00 [INF] Executed endpoint 'Homecare.Controllers.HomeController.Index (Homecare)'
2025-10-19 20:10:20.838 +02:00 [INF] Request finished HTTP/1.1 GET http://localhost:5003/ - 200 null text/html; charset=utf-8 19.2139ms
2025-10-19 20:10:22.066 +02:00 [INF] Request starting HTTP/1.1 GET http://localhost:5003/Identity/Account/Login - null null
2025-10-19 20:10:22.070 +02:00 [INF] Executing endpoint '/Account/Login'
2025-10-19 20:10:22.081 +02:00 [INF] Route matched with {page = "/Account/Login", area = "Identity", action = "", controller = ""}. Executing page /Account/Login
2025-10-19 20:10:22.084 +02:00 [INF] Executing handler method Homecare.Areas.Identity.Pages.Account.LoginModel.OnGetAsync - ModelState is "Valid"
2025-10-19 20:10:22.086 +02:00 [INF] AuthenticationScheme: Identity.External signed out.
2025-10-19 20:10:22.086 +02:00 [INF] Executed handler method OnGetAsync, returned result .
2025-10-19 20:10:22.090 +02:00 [INF] Executing an implicit handler method - ModelState is "Valid"
2025-10-19 20:10:22.091 +02:00 [INF] Executed an implicit handler method, returned result Microsoft.AspNetCore.Mvc.RazorPages.PageResult.
2025-10-19 20:10:22.113 +02:00 [INF] Executed page /Account/Login in 32.0265ms
2025-10-19 20:10:22.113 +02:00 [INF] Executed endpoint '/Account/Login'
2025-10-19 20:10:22.113 +02:00 [INF] Request finished HTTP/1.1 GET http://localhost:5003/Identity/Account/Login - 200 null text/html; charset=utf-8 47.1403ms
2025-10-19 20:10:22.127 +02:00 [INF] Request starting HTTP/1.1 GET http://localhost:5003/lib/jquery-validation/dist/jquery.validate.min.js - null null
2025-10-19 20:10:22.127 +02:00 [INF] Request starting HTTP/1.1 GET http://localhost:5003/lib/jquery-validation-unobtrusive/jquery.validate.unobtrusive.min.js - null null
2025-10-19 20:10:22.128 +02:00 [INF] Request finished HTTP/1.1 GET http://localhost:5003/lib/jquery-validation-unobtrusive/jquery.validate.unobtrusive.min.js - 404 0 null 0.9843ms
2025-10-19 20:10:22.128 +02:00 [INF] Request finished HTTP/1.1 GET http://localhost:5003/lib/jquery-validation/dist/jquery.validate.min.js - 404 0 null 1.1573ms
2025-10-19 20:10:22.128 +02:00 [INF] Request reached the end of the middleware pipeline without being handled by application code. Request path: GET http://localhost:5003/lib/jquery-validation-unobtrusive/jquery.validate.unobtrusive.min.js, Response status code: 404
2025-10-19 20:10:22.128 +02:00 [INF] Request reached the end of the middleware pipeline without being handled by application code. Request path: GET http://localhost:5003/lib/jquery-validation/dist/jquery.validate.min.js, Response status code: 404
2025-10-19 20:10:41.319 +02:00 [INF] Request starting HTTP/1.1 POST http://localhost:5003/Identity/Account/Login - application/x-www-form-urlencoded 253
2025-10-19 20:10:41.320 +02:00 [INF] Executing endpoint '/Account/Login'
2025-10-19 20:10:41.320 +02:00 [INF] Route matched with {page = "/Account/Login", area = "Identity", action = "", controller = ""}. Executing page /Account/Login
2025-10-19 20:10:41.326 +02:00 [INF] Executing handler method Homecare.Areas.Identity.Pages.Account.LoginModel.OnPostAsync - ModelState is "Valid"
2025-10-19 20:10:41.440 +02:00 [INF] AuthenticationScheme: Identity.Application signed in.
2025-10-19 20:10:41.440 +02:00 [INF] User logged in.
2025-10-19 20:10:41.440 +02:00 [INF] Executed handler method OnPostAsync, returned result Microsoft.AspNetCore.Mvc.LocalRedirectResult.
2025-10-19 20:10:41.440 +02:00 [INF] Executing LocalRedirectResult, redirecting to /.
2025-10-19 20:10:41.440 +02:00 [INF] Executed page /Account/Login in 119.8807ms
2025-10-19 20:10:41.440 +02:00 [INF] Executed endpoint '/Account/Login'
2025-10-19 20:10:41.441 +02:00 [INF] Request finished HTTP/1.1 POST http://localhost:5003/Identity/Account/Login - 302 0 null 121.2644ms
2025-10-19 20:10:41.443 +02:00 [INF] Request starting HTTP/1.1 GET http://localhost:5003/ - null null
2025-10-19 20:10:41.445 +02:00 [INF] Executing endpoint 'Homecare.Controllers.HomeController.Index (Homecare)'
2025-10-19 20:10:41.445 +02:00 [INF] Route matched with {action = "Index", controller = "Home", page = "", area = ""}. Executing controller action with signature Microsoft.AspNetCore.Mvc.IActionResult Index() on controller Homecare.Controllers.HomeController (Homecare).
2025-10-19 20:10:41.445 +02:00 [INF] Executing ViewResult, running view Index.
2025-10-19 20:10:41.447 +02:00 [INF] Executed ViewResult - view Index executed in 2.1011ms.
2025-10-19 20:10:41.447 +02:00 [INF] Executed action Homecare.Controllers.HomeController.Index (Homecare) in 2.6001ms
2025-10-19 20:10:41.447 +02:00 [INF] Executed endpoint 'Homecare.Controllers.HomeController.Index (Homecare)'
2025-10-19 20:10:41.447 +02:00 [INF] Request finished HTTP/1.1 GET http://localhost:5003/ - 200 null text/html; charset=utf-8 4.243ms
2025-10-19 20:10:46.432 +02:00 [INF] Request starting HTTP/1.1 GET http://localhost:5003/Admin/Dashboard - null null
2025-10-19 20:10:46.434 +02:00 [INF] Executing endpoint 'Homecare.Controllers.AdminController.Dashboard (Homecare)'
2025-10-19 20:10:46.436 +02:00 [INF] Route matched with {action = "Dashboard", controller = "Admin", page = "", area = ""}. Executing controller action with signature System.Threading.Tasks.Task`1[Microsoft.AspNetCore.Mvc.IActionResult] Dashboard(Int32, Int32) on controller Homecare.Controllers.AdminController (Homecare).
2025-10-19 20:10:46.483 +02:00 [INF] Executing ViewResult, running view Dashboard.
2025-10-19 20:10:46.505 +02:00 [INF] Executed ViewResult - view Dashboard executed in 22.151ms.
2025-10-19 20:10:46.505 +02:00 [INF] Executed action Homecare.Controllers.AdminController.Dashboard (Homecare) in 69.1393ms
2025-10-19 20:10:46.505 +02:00 [INF] Executed endpoint 'Homecare.Controllers.AdminController.Dashboard (Homecare)'
2025-10-19 20:10:46.505 +02:00 [INF] Request finished HTTP/1.1 GET http://localhost:5003/Admin/Dashboard - 200 null text/html; charset=utf-8 73.0701ms
2025-10-19 20:10:52.200 +02:00 [INF] Request starting HTTP/1.1 GET http://localhost:5003/Client/Dashboard?clientId=11 - null null
2025-10-19 20:10:52.201 +02:00 [INF] Executing endpoint 'Homecare.Controllers.ClientController.Dashboard (Homecare)'
2025-10-19 20:10:52.203 +02:00 [INF] Route matched with {action = "Dashboard", controller = "Client", page = "", area = ""}. Executing controller action with signature System.Threading.Tasks.Task`1[Microsoft.AspNetCore.Mvc.IActionResult] Dashboard(System.Nullable`1[System.Int32]) on controller Homecare.Controllers.ClientController (Homecare).
2025-10-19 20:10:52.219 +02:00 [INF] Executing ViewResult, running view Dashboard.
2025-10-19 20:10:52.229 +02:00 [INF] Executed ViewResult - view Dashboard executed in 10.2433ms.
2025-10-19 20:10:52.229 +02:00 [INF] Executed action Homecare.Controllers.ClientController.Dashboard (Homecare) in 25.2287ms
2025-10-19 20:10:52.229 +02:00 [INF] Executed endpoint 'Homecare.Controllers.ClientController.Dashboard (Homecare)'
2025-10-19 20:10:52.229 +02:00 [INF] Request finished HTTP/1.1 GET http://localhost:5003/Client/Dashboard?clientId=11 - 200 null text/html; charset=utf-8 28.9067ms
2025-10-19 20:10:54.892 +02:00 [INF] Request starting HTTP/1.1 POST http://localhost:5003/Appointment/Delete/21 - application/x-www-form-urlencoded 225
2025-10-19 20:10:54.893 +02:00 [INF] Executing endpoint 'Homecare.Controllers.AppointmentController.DeleteConfirmed (Homecare)'
2025-10-19 20:10:54.895 +02:00 [INF] Route matched with {action = "Delete", controller = "Appointment", page = "", area = ""}. Executing controller action with signature System.Threading.Tasks.Task`1[Microsoft.AspNetCore.Mvc.IActionResult] DeleteConfirmed(Int32) on controller Homecare.Controllers.AppointmentController (Homecare).
2025-10-19 20:10:54.931 +02:00 [INF] [AppointmentRepository] Deleted appointment #21
2025-10-19 20:10:54.931 +02:00 [INF] Executing RedirectResult, redirecting to /Appointment/Table.
2025-10-19 20:10:54.932 +02:00 [INF] Executed action Homecare.Controllers.AppointmentController.DeleteConfirmed (Homecare) in 36.7535ms
2025-10-19 20:10:54.932 +02:00 [INF] Executed endpoint 'Homecare.Controllers.AppointmentController.DeleteConfirmed (Homecare)'
2025-10-19 20:10:54.932 +02:00 [INF] Request finished HTTP/1.1 POST http://localhost:5003/Appointment/Delete/21 - 302 0 null 39.7564ms
2025-10-19 20:10:54.934 +02:00 [INF] Request starting HTTP/1.1 GET http://localhost:5003/Appointment/Table - null null
2025-10-19 20:10:54.937 +02:00 [INF] Executing endpoint 'Homecare.Controllers.AppointmentController.Table (Homecare)'
2025-10-19 20:10:54.939 +02:00 [INF] Route matched with {action = "Table", controller = "Appointment", page = "", area = ""}. Executing controller action with signature System.Threading.Tasks.Task`1[Microsoft.AspNetCore.Mvc.IActionResult] Table() on controller Homecare.Controllers.AppointmentController (Homecare).
2025-10-19 20:10:54.942 +02:00 [INF] Executing ViewResult, running view Table.
2025-10-19 20:10:54.953 +02:00 [INF] Executed ViewResult - view Table executed in 11.7264ms.
2025-10-19 20:10:54.953 +02:00 [INF] Executed action Homecare.Controllers.AppointmentController.Table (Homecare) in 14.2165ms
2025-10-19 20:10:54.953 +02:00 [INF] Executed endpoint 'Homecare.Controllers.AppointmentController.Table (Homecare)'
2025-10-19 20:10:54.954 +02:00 [INF] Request finished HTTP/1.1 GET http://localhost:5003/Appointment/Table - 200 null text/html; charset=utf-8 19.2264ms
2025-10-19 20:10:57.181 +02:00 [INF] Request starting HTTP/1.1 GET http://localhost:5003/Appointment/Create - null null
2025-10-19 20:10:57.181 +02:00 [INF] Executing endpoint 'Homecare.Controllers.AppointmentController.Create (Homecare)'
2025-10-19 20:10:57.183 +02:00 [INF] Route matched with {action = "Create", controller = "Appointment", page = "", area = ""}. Executing controller action with signature System.Threading.Tasks.Task`1[Microsoft.AspNetCore.Mvc.IActionResult] Create() on controller Homecare.Controllers.AppointmentController (Homecare).
2025-10-19 20:10:57.187 +02:00 [INF] Executing ViewResult, running view Create.
2025-10-19 20:10:57.194 +02:00 [ERR] The view 'Create' was not found. Searched locations: ["/Views/Appointment/Create.cshtml","/Views/Shared/Create.cshtml","/Pages/Shared/Create.cshtml"]
2025-10-19 20:10:57.198 +02:00 [INF] Executed action Homecare.Controllers.AppointmentController.Create (Homecare) in 15.1342ms
2025-10-19 20:10:57.199 +02:00 [INF] Executed endpoint 'Homecare.Controllers.AppointmentController.Create (Homecare)'
2025-10-19 20:10:57.227 +02:00 [ERR] An unhandled exception has occurred while executing the request.
System.InvalidOperationException: The view 'Create' was not found. The following locations were searched:
/Views/Appointment/Create.cshtml
/Views/Shared/Create.cshtml
/Pages/Shared/Create.cshtml
   at Microsoft.AspNetCore.Mvc.ViewEngines.ViewEngineResult.EnsureSuccessful(IEnumerable`1 originalLocations)
   at Microsoft.AspNetCore.Mvc.ViewFeatures.ViewResultExecutor.ExecuteAsync(ActionContext context, ViewResult result)
   at Microsoft.AspNetCore.Mvc.ViewResult.ExecuteResultAsync(ActionContext context)
   at Microsoft.AspNetCore.Mvc.Infrastructure.ResourceInvoker.<InvokeNextResultFilterAsync>g__Awaited|30_0[TFilter,TFilterAsync](ResourceInvoker invoker, Task lastTask, State next, Scope scope, Object state, Boolean isCompleted)
   at Microsoft.AspNetCore.Mvc.Infrastructure.ResourceInvoker.Rethrow(ResultExecutedContextSealed context)
   at Microsoft.AspNetCore.Mvc.Infrastructure.ResourceInvoker.ResultNext[TFilter,TFilterAsync](State& next, Scope& scope, Object& state, Boolean& isCompleted)
   at Microsoft.AspNetCore.Mvc.Infrastructure.ResourceInvoker.InvokeResultFilters()
--- End of stack trace from previous location ---
   at Microsoft.AspNetCore.Mvc.Infrastructure.ResourceInvoker.<InvokeNextResourceFilter>g__Awaited|25_0(ResourceInvoker invoker, Task lastTask, State next, Scope scope, Object state, Boolean isCompleted)
   at Microsoft.AspNetCore.Mvc.Infrastructure.ResourceInvoker.Rethrow(ResourceExecutedContextSealed context)
   at Microsoft.AspNetCore.Mvc.Infrastructure.ResourceInvoker.Next(State& next, Scope& scope, Object& state, Boolean& isCompleted)
   at Microsoft.AspNetCore.Mvc.Infrastructure.ResourceInvoker.InvokeFilterPipelineAsync()
--- End of stack trace from previous location ---
   at Microsoft.AspNetCore.Mvc.Infrastructure.ResourceInvoker.<InvokeAsync>g__Logged|17_1(ResourceInvoker invoker)
   at Microsoft.AspNetCore.Mvc.Infrastructure.ResourceInvoker.<InvokeAsync>g__Logged|17_1(ResourceInvoker invoker)
   at Microsoft.AspNetCore.Routing.EndpointMiddleware.<Invoke>g__AwaitRequestTask|7_0(Endpoint endpoint, Task requestTask, ILogger logger)
   at Microsoft.AspNetCore.Authorization.AuthorizationMiddleware.Invoke(HttpContext context)
   at Microsoft.AspNetCore.Authentication.AuthenticationMiddleware.Invoke(HttpContext context)
   at Microsoft.AspNetCore.Session.SessionMiddleware.Invoke(HttpContext context)
   at Microsoft.AspNetCore.Session.SessionMiddleware.Invoke(HttpContext context)
   at Microsoft.AspNetCore.Diagnostics.DeveloperExceptionPageMiddlewareImpl.Invoke(HttpContext context)
2025-10-19 20:10:57.241 +02:00 [INF] Request finished HTTP/1.1 GET http://localhost:5003/Appointment/Create - 500 null text/html; charset=utf-8 60.5035ms
2025-10-19 20:12:30.502 +02:00 [INF] Application is shutting down...
