2025-10-19 19:46:34.650 +02:00 [INF] User profile is available. Using 'C:\Users\cosku\AppData\Local\ASP.NET\DataProtection-Keys' as key repository and Windows DPAPI to encrypt keys at rest.
2025-10-19 19:46:35.052 +02:00 [INF] Now listening on: http://localhost:5003
2025-10-19 19:46:35.054 +02:00 [INF] Application started. Press Ctrl+C to shut down.
2025-10-19 19:46:35.054 +02:00 [INF] Hosting environment: Development
2025-10-19 19:46:35.054 +02:00 [INF] Content root path: C:\Users\cosku\Desktop\Oslomet Emner\ITPE3200-1 24H Webapplikasjoner\HomeCare\webprogrammering2025\Homecare
2025-10-19 19:46:42.127 +02:00 [INF] Request starting HTTP/1.1 GET http://localhost:5003/ - null null
2025-10-19 19:46:42.164 +02:00 [INF] Executing endpoint 'Homecare.Controllers.HomeController.Index (Homecare)'
2025-10-19 19:46:42.170 +02:00 [INF] Route matched with {action = "Index", controller = "Home", page = "", area = ""}. Executing controller action with signature Microsoft.AspNetCore.Mvc.IActionResult Index() on controller Homecare.Controllers.HomeController (Homecare).
2025-10-19 19:46:42.182 +02:00 [INF] Executing RedirectToPageResult, redirecting to /Account/Login.
2025-10-19 19:46:42.185 +02:00 [INF] Executed action Homecare.Controllers.HomeController.Index (Homecare) in 12.8426ms
2025-10-19 19:46:42.185 +02:00 [INF] Executed endpoint 'Homecare.Controllers.HomeController.Index (Homecare)'
2025-10-19 19:46:42.192 +02:00 [INF] Request finished HTTP/1.1 GET http://localhost:5003/ - 302 0 null 66.7105ms
2025-10-19 19:46:42.194 +02:00 [INF] Request starting HTTP/1.1 GET http://localhost:5003/Identity/Account/Login - null null
2025-10-19 19:46:42.196 +02:00 [INF] Executing endpoint '/Account/Login'
2025-10-19 19:46:42.213 +02:00 [INF] Route matched with {page = "/Account/Login", area = "Identity", action = "", controller = ""}. Executing page /Account/Login
2025-10-19 19:46:42.222 +02:00 [INF] Executing handler method Homecare.Areas.Identity.Pages.Account.LoginModel.OnGetAsync - ModelState is "Valid"
2025-10-19 19:46:42.226 +02:00 [INF] AuthenticationScheme: Identity.External signed out.
2025-10-19 19:46:42.227 +02:00 [INF] Executed handler method OnGetAsync, returned result .
2025-10-19 19:46:42.228 +02:00 [INF] Executing an implicit handler method - ModelState is "Valid"
2025-10-19 19:46:42.229 +02:00 [INF] Executed an implicit handler method, returned result Microsoft.AspNetCore.Mvc.RazorPages.PageResult.
2025-10-19 19:46:42.305 +02:00 [INF] Executed page /Account/Login in 91.7402ms
2025-10-19 19:46:42.305 +02:00 [INF] Executed endpoint '/Account/Login'
2025-10-19 19:46:42.306 +02:00 [INF] Request finished HTTP/1.1 GET http://localhost:5003/Identity/Account/Login - 200 null text/html; charset=utf-8 111.7182ms
2025-10-19 19:46:42.322 +02:00 [INF] Request starting HTTP/1.1 GET http://localhost:5003/css/home.css?v=FgIInssjFMsdm0wfH5DHmYA7UW-XQqmiTsozSmxcBkU - null null
2025-10-19 19:46:42.322 +02:00 [INF] Request starting HTTP/1.1 GET http://localhost:5003/lib/jquery-validation/dist/jquery.validate.min.js - null null
2025-10-19 19:46:42.322 +02:00 [INF] Request starting HTTP/1.1 GET http://localhost:5003/lib/jquery-validation-unobtrusive/jquery.validate.unobtrusive.min.js - null null
2025-10-19 19:46:42.325 +02:00 [INF] Request finished HTTP/1.1 GET http://localhost:5003/lib/jquery-validation/dist/jquery.validate.min.js - 404 0 null 2.3718ms
2025-10-19 19:46:42.325 +02:00 [INF] Request finished HTTP/1.1 GET http://localhost:5003/lib/jquery-validation-unobtrusive/jquery.validate.unobtrusive.min.js - 404 0 null 2.1292ms
2025-10-19 19:46:42.325 +02:00 [INF] Request reached the end of the middleware pipeline without being handled by application code. Request path: GET http://localhost:5003/lib/jquery-validation-unobtrusive/jquery.validate.unobtrusive.min.js, Response status code: 404
2025-10-19 19:46:42.325 +02:00 [INF] Request reached the end of the middleware pipeline without being handled by application code. Request path: GET http://localhost:5003/lib/jquery-validation/dist/jquery.validate.min.js, Response status code: 404
2025-10-19 19:46:42.327 +02:00 [INF] The file /css/home.css was not modified
2025-10-19 19:46:42.328 +02:00 [INF] Request finished HTTP/1.1 GET http://localhost:5003/css/home.css?v=FgIInssjFMsdm0wfH5DHmYA7UW-XQqmiTsozSmxcBkU - 304 null text/css 5.9758ms
2025-10-19 19:46:42.527 +02:00 [INF] Request starting HTTP/1.1 GET http://localhost:5003/favicon.ico - null null
2025-10-19 19:46:42.527 +02:00 [INF] Request finished HTTP/1.1 GET http://localhost:5003/favicon.ico - 404 0 null 0.6971ms
2025-10-19 19:46:42.528 +02:00 [INF] Request reached the end of the middleware pipeline without being handled by application code. Request path: GET http://localhost:5003/favicon.ico, Response status code: 404
2025-10-19 19:53:37.427 +02:00 [INF] Application is shutting down...
