2025-10-19 20:12:35.329 +02:00 [INF] User profile is available. Using 'C:\Users\cosku\AppData\Local\ASP.NET\DataProtection-Keys' as key repository and Windows DPAPI to encrypt keys at rest.
2025-10-19 20:12:35.499 +02:00 [INF] Now listening on: http://localhost:5003
2025-10-19 20:12:35.501 +02:00 [INF] Application started. Press Ctrl+C to shut down.
2025-10-19 20:12:35.501 +02:00 [INF] Hosting environment: Development
2025-10-19 20:12:35.501 +02:00 [INF] Content root path: C:\Users\cosku\Desktop\Oslomet Emner\ITPE3200-1 24H Webapplikasjoner\HomeCare\webprogrammering2025\Homecare
2025-10-19 20:12:37.895 +02:00 [INF] Request starting HTTP/1.1 GET http://localhost:5003/Appointment/Table - null null
2025-10-19 20:12:37.923 +02:00 [INF] Executing endpoint 'Homecare.Controllers.AppointmentController.Table (Homecare)'
2025-10-19 20:12:37.930 +02:00 [INF] Route matched with {action = "Table", controller = "Appointment", page = "", area = ""}. Executing controller action with signature System.Threading.Tasks.Task`1[Microsoft.AspNetCore.Mvc.IActionResult] Table() on controller Homecare.Controllers.AppointmentController (Homecare).
2025-10-19 20:12:37.958 +02:00 [INF] Executing ViewResult, running view Table.
2025-10-19 20:12:38.008 +02:00 [INF] Executed ViewResult - view Table executed in 50.4178ms.
2025-10-19 20:12:38.009 +02:00 [INF] Executed action Homecare.Controllers.AppointmentController.Table (Homecare) in 78.4819ms
2025-10-19 20:12:38.009 +02:00 [INF] Executed endpoint 'Homecare.Controllers.AppointmentController.Table (Homecare)'
2025-10-19 20:12:38.012 +02:00 [INF] Request finished HTTP/1.1 GET http://localhost:5003/Appointment/Table - 200 null text/html; charset=utf-8 117.8982ms
2025-10-19 20:12:39.296 +02:00 [INF] Request starting HTTP/1.1 GET http://localhost:5003/Client/Create - null null
2025-10-19 20:12:39.299 +02:00 [INF] Executing endpoint 'Homecare.Controllers.ClientController.Create (Homecare)'
2025-10-19 20:12:39.305 +02:00 [INF] Route matched with {action = "Create", controller = "Client", page = "", area = ""}. Executing controller action with signature System.Threading.Tasks.Task`1[Microsoft.AspNetCore.Mvc.IActionResult] Create(Int32, System.String) on controller Homecare.Controllers.ClientController (Homecare).
2025-10-19 20:12:39.401 +02:00 [INF] Executing ViewResult, running view Create.
2025-10-19 20:12:39.447 +02:00 [INF] Executed ViewResult - view Create executed in 47.2039ms.
2025-10-19 20:12:39.448 +02:00 [INF] Executed action Homecare.Controllers.ClientController.Create (Homecare) in 142.3891ms
2025-10-19 20:12:39.448 +02:00 [INF] Executed endpoint 'Homecare.Controllers.ClientController.Create (Homecare)'
2025-10-19 20:12:39.448 +02:00 [INF] Request finished HTTP/1.1 GET http://localhost:5003/Client/Create - 200 null text/html; charset=utf-8 152.0176ms
2025-10-19 20:16:52.982 +02:00 [INF] Application is shutting down...
