2025-10-19 20:58:54.009 +02:00 [INF] User profile is available. Using 'C:\Users\cosku\AppData\Local\ASP.NET\DataProtection-Keys' as key repository and Windows DPAPI to encrypt keys at rest.
2025-10-19 20:58:54.181 +02:00 [INF] Now listening on: http://localhost:5003
2025-10-19 20:58:54.182 +02:00 [INF] Application started. Press Ctrl+C to shut down.
2025-10-19 20:58:54.182 +02:00 [INF] Hosting environment: Development
2025-10-19 20:58:54.182 +02:00 [INF] Content root path: C:\Users\cosku\Desktop\Oslomet Emner\ITPE3200-1 24H Webapplikasjoner\HomeCare\webprogrammering2025\Homecare
2025-10-19 20:59:07.559 +02:00 [INF] Request starting HTTP/1.1 GET http://localhost:5003/ - null null
2025-10-19 20:59:07.573 +02:00 [WRN] Failed to determine the https port for redirect.
2025-10-19 20:59:07.615 +02:00 [INF] Executing endpoint 'Homecare.Controllers.HomeController.Index (Homecare)'
2025-10-19 20:59:07.619 +02:00 [INF] Route matched with {action = "Index", controller = "Home", page = "", area = ""}. Executing controller action with signature Microsoft.AspNetCore.Mvc.IActionResult Index() on controller Homecare.Controllers.HomeController (Homecare).
2025-10-19 20:59:07.622 +02:00 [INF] Executing ViewResult, running view Index.
2025-10-19 20:59:07.689 +02:00 [INF] Executed ViewResult - view Index executed in 67.3599ms.
2025-10-19 20:59:07.690 +02:00 [INF] Executed action Homecare.Controllers.HomeController.Index (Homecare) in 71.5042ms
2025-10-19 20:59:07.690 +02:00 [INF] Executed endpoint 'Homecare.Controllers.HomeController.Index (Homecare)'
2025-10-19 20:59:07.695 +02:00 [INF] Request finished HTTP/1.1 GET http://localhost:5003/ - 200 null text/html; charset=utf-8 137.2097ms
2025-10-19 20:59:07.701 +02:00 [INF] Request starting HTTP/1.1 GET http://localhost:5003/css/home.css?v=s9o_DNLrHTitiAak_8hnsjdZCjlyIi3S83bj3-RSm6Y - null null
2025-10-19 20:59:07.707 +02:00 [INF] Sending file. Request path: '/css/home.css'. Physical path: 'C:\Users\cosku\Desktop\Oslomet Emner\ITPE3200-1 24H Webapplikasjoner\HomeCare\webprogrammering2025\Homecare\wwwroot\css\home.css'
2025-10-19 20:59:07.707 +02:00 [INF] Request finished HTTP/1.1 GET http://localhost:5003/css/home.css?v=s9o_DNLrHTitiAak_8hnsjdZCjlyIi3S83bj3-RSm6Y - 200 3687 text/css 6.1101ms
2025-10-19 20:59:07.731 +02:00 [INF] Request starting HTTP/1.1 GET http://localhost:5003/_framework/aspnetcore-browser-refresh.js - null null
2025-10-19 20:59:07.732 +02:00 [INF] Request finished HTTP/1.1 GET http://localhost:5003/_framework/aspnetcore-browser-refresh.js - 200 13748 application/javascript; charset=utf-8 1.0285ms
2025-10-19 20:59:07.822 +02:00 [INF] Request starting HTTP/1.1 GET http://localhost:5003/images/heart-pulse.svg?v=PK5MC9xtkiDhEKmZX8Flf5H7f7lf240lyoyShyp7rl8 - null null
2025-10-19 20:59:07.824 +02:00 [INF] The file /images/heart-pulse.svg was not modified
2025-10-19 20:59:07.824 +02:00 [INF] Request finished HTTP/1.1 GET http://localhost:5003/images/heart-pulse.svg?v=PK5MC9xtkiDhEKmZX8Flf5H7f7lf240lyoyShyp7rl8 - 304 null image/svg+xml 1.6546ms
2025-10-19 20:59:09.906 +02:00 [INF] Request starting HTTP/1.1 GET http://localhost:5003/Home/AfterLogin - null null
2025-10-19 20:59:09.913 +02:00 [INF] Executing endpoint 'Homecare.Controllers.HomeController.AfterLogin (Homecare)'
2025-10-19 20:59:09.916 +02:00 [INF] Route matched with {action = "AfterLogin", controller = "Home", page = "", area = ""}. Executing controller action with signature System.Threading.Tasks.Task`1[Microsoft.AspNetCore.Mvc.IActionResult] AfterLogin() on controller Homecare.Controllers.HomeController (Homecare).
2025-10-19 20:59:09.918 +02:00 [INF] Executing RedirectResult, redirecting to /Admin/Dashboard.
2025-10-19 20:59:09.918 +02:00 [INF] Executed action Homecare.Controllers.HomeController.AfterLogin (Homecare) in 1.7048ms
2025-10-19 20:59:09.918 +02:00 [INF] Executed endpoint 'Homecare.Controllers.HomeController.AfterLogin (Homecare)'
2025-10-19 20:59:09.918 +02:00 [INF] Request finished HTTP/1.1 GET http://localhost:5003/Home/AfterLogin - 302 0 null 11.8979ms
2025-10-19 20:59:09.920 +02:00 [INF] Request starting HTTP/1.1 GET http://localhost:5003/Admin/Dashboard - null null
2025-10-19 20:59:09.931 +02:00 [INF] Executing endpoint 'Homecare.Controllers.AdminController.Dashboard (Homecare)'
2025-10-19 20:59:09.936 +02:00 [INF] Route matched with {action = "Dashboard", controller = "Admin", page = "", area = ""}. Executing controller action with signature System.Threading.Tasks.Task`1[Microsoft.AspNetCore.Mvc.IActionResult] Dashboard(Int32, Int32) on controller Homecare.Controllers.AdminController (Homecare).
2025-10-19 20:59:10.064 +02:00 [INF] Executing ViewResult, running view Dashboard.
2025-10-19 20:59:10.092 +02:00 [INF] Executed ViewResult - view Dashboard executed in 28.9088ms.
2025-10-19 20:59:10.092 +02:00 [INF] Executed action Homecare.Controllers.AdminController.Dashboard (Homecare) in 155.5495ms
2025-10-19 20:59:10.092 +02:00 [INF] Executed endpoint 'Homecare.Controllers.AdminController.Dashboard (Homecare)'
2025-10-19 20:59:10.092 +02:00 [INF] Request finished HTTP/1.1 GET http://localhost:5003/Admin/Dashboard - 200 null text/html; charset=utf-8 171.5278ms
2025-10-19 20:59:10.104 +02:00 [INF] Request starting HTTP/1.1 GET http://localhost:5003/_framework/aspnetcore-browser-refresh.js - null null
2025-10-19 20:59:10.105 +02:00 [INF] Request finished HTTP/1.1 GET http://localhost:5003/_framework/aspnetcore-browser-refresh.js - 200 13748 application/javascript; charset=utf-8 0.3181ms
2025-10-19 20:59:13.705 +02:00 [INF] Request starting HTTP/1.1 POST http://localhost:5003/Identity/Account/Logout?returnUrl=%2F - application/x-www-form-urlencoded 225
2025-10-19 20:59:13.708 +02:00 [INF] Executing endpoint '/Account/Logout'
2025-10-19 20:59:13.714 +02:00 [INF] Route matched with {page = "/Account/Logout", area = "Identity", action = "", controller = ""}. Executing page /Account/Logout
2025-10-19 20:59:13.725 +02:00 [INF] Executing handler method Homecare.Areas.Identity.Pages.Account.LogoutModel.OnPost - ModelState is "Valid"
2025-10-19 20:59:13.726 +02:00 [INF] AuthenticationScheme: Identity.Application signed out.
2025-10-19 20:59:13.726 +02:00 [INF] AuthenticationScheme: Identity.External signed out.
2025-10-19 20:59:13.726 +02:00 [INF] AuthenticationScheme: Identity.TwoFactorUserId signed out.
2025-10-19 20:59:13.727 +02:00 [INF] User logged out.
2025-10-19 20:59:13.727 +02:00 [INF] Executed handler method OnPost, returned result Microsoft.AspNetCore.Mvc.LocalRedirectResult.
2025-10-19 20:59:13.727 +02:00 [INF] Executing LocalRedirectResult, redirecting to /.
2025-10-19 20:59:13.727 +02:00 [INF] Executed page /Account/Logout in 12.7995ms
2025-10-19 20:59:13.727 +02:00 [INF] Executed endpoint '/Account/Logout'
2025-10-19 20:59:13.727 +02:00 [INF] Request finished HTTP/1.1 POST http://localhost:5003/Identity/Account/Logout?returnUrl=%2F - 302 0 null 22.2644ms
2025-10-19 20:59:13.729 +02:00 [INF] Request starting HTTP/1.1 GET http://localhost:5003/ - null null
2025-10-19 20:59:13.729 +02:00 [INF] Executing endpoint 'Homecare.Controllers.HomeController.Index (Homecare)'
2025-10-19 20:59:13.730 +02:00 [INF] Route matched with {action = "Index", controller = "Home", page = "", area = ""}. Executing controller action with signature Microsoft.AspNetCore.Mvc.IActionResult Index() on controller Homecare.Controllers.HomeController (Homecare).
2025-10-19 20:59:13.730 +02:00 [INF] Executing ViewResult, running view Index.
2025-10-19 20:59:13.732 +02:00 [INF] Executed ViewResult - view Index executed in 2.2033ms.
2025-10-19 20:59:13.732 +02:00 [INF] Executed action Homecare.Controllers.HomeController.Index (Homecare) in 2.4319ms
2025-10-19 20:59:13.732 +02:00 [INF] Executed endpoint 'Homecare.Controllers.HomeController.Index (Homecare)'
2025-10-19 20:59:13.732 +02:00 [INF] Request finished HTTP/1.1 GET http://localhost:5003/ - 200 null text/html; charset=utf-8 2.8377ms
2025-10-19 20:59:13.747 +02:00 [INF] Request starting HTTP/1.1 GET http://localhost:5003/_framework/aspnetcore-browser-refresh.js - null null
2025-10-19 20:59:13.748 +02:00 [INF] Request finished HTTP/1.1 GET http://localhost:5003/_framework/aspnetcore-browser-refresh.js - 200 13748 application/javascript; charset=utf-8 0.2239ms
2025-10-19 20:59:14.861 +02:00 [INF] Request starting HTTP/1.1 GET http://localhost:5003/Identity/Account/Login - null null
2025-10-19 20:59:14.863 +02:00 [INF] Executing endpoint '/Account/Login'
2025-10-19 20:59:14.870 +02:00 [INF] Route matched with {page = "/Account/Login", area = "Identity", action = "", controller = ""}. Executing page /Account/Login
2025-10-19 20:59:14.872 +02:00 [INF] Executing handler method Homecare.Areas.Identity.Pages.Account.LoginModel.OnGetAsync - ModelState is "Valid"
2025-10-19 20:59:14.873 +02:00 [INF] AuthenticationScheme: Identity.External signed out.
2025-10-19 20:59:14.874 +02:00 [INF] Executed handler method OnGetAsync, returned result .
2025-10-19 20:59:14.876 +02:00 [INF] Executing an implicit handler method - ModelState is "Valid"
2025-10-19 20:59:14.877 +02:00 [INF] Executed an implicit handler method, returned result Microsoft.AspNetCore.Mvc.RazorPages.PageResult.
2025-10-19 20:59:14.895 +02:00 [INF] Executed page /Account/Login in 24.6803ms
2025-10-19 20:59:14.895 +02:00 [INF] Executed endpoint '/Account/Login'
2025-10-19 20:59:14.895 +02:00 [INF] Request finished HTTP/1.1 GET http://localhost:5003/Identity/Account/Login - 200 null text/html; charset=utf-8 34.1085ms
2025-10-19 20:59:14.909 +02:00 [INF] Request starting HTTP/1.1 GET http://localhost:5003/lib/jquery-validation/dist/jquery.validate.min.js - null null
2025-10-19 20:59:14.910 +02:00 [INF] Request starting HTTP/1.1 GET http://localhost:5003/_framework/aspnetcore-browser-refresh.js - null null
2025-10-19 20:59:14.910 +02:00 [INF] Request finished HTTP/1.1 GET http://localhost:5003/_framework/aspnetcore-browser-refresh.js - 200 13748 application/javascript; charset=utf-8 0.1915ms
2025-10-19 20:59:14.911 +02:00 [INF] Request finished HTTP/1.1 GET http://localhost:5003/lib/jquery-validation/dist/jquery.validate.min.js - 404 0 null 1.3654ms
2025-10-19 20:59:14.911 +02:00 [INF] Request starting HTTP/1.1 GET http://localhost:5003/lib/jquery-validation-unobtrusive/jquery.validate.unobtrusive.min.js - null null
2025-10-19 20:59:14.911 +02:00 [INF] Request reached the end of the middleware pipeline without being handled by application code. Request path: GET http://localhost:5003/lib/jquery-validation/dist/jquery.validate.min.js, Response status code: 404
2025-10-19 20:59:14.912 +02:00 [INF] Request finished HTTP/1.1 GET http://localhost:5003/lib/jquery-validation-unobtrusive/jquery.validate.unobtrusive.min.js - 404 0 null 1.0147ms
2025-10-19 20:59:14.912 +02:00 [INF] Request reached the end of the middleware pipeline without being handled by application code. Request path: GET http://localhost:5003/lib/jquery-validation-unobtrusive/jquery.validate.unobtrusive.min.js, Response status code: 404
2025-10-19 20:59:16.170 +02:00 [INF] Request starting HTTP/1.1 GET http://localhost:5003/ - null null
2025-10-19 20:59:16.170 +02:00 [INF] Executing endpoint 'Homecare.Controllers.HomeController.Index (Homecare)'
2025-10-19 20:59:16.170 +02:00 [INF] Route matched with {action = "Index", controller = "Home", page = "", area = ""}. Executing controller action with signature Microsoft.AspNetCore.Mvc.IActionResult Index() on controller Homecare.Controllers.HomeController (Homecare).
2025-10-19 20:59:16.170 +02:00 [INF] Executing ViewResult, running view Index.
2025-10-19 20:59:16.171 +02:00 [INF] Executed ViewResult - view Index executed in 1.0315ms.
2025-10-19 20:59:16.171 +02:00 [INF] Executed action Homecare.Controllers.HomeController.Index (Homecare) in 1.3801ms
2025-10-19 20:59:16.171 +02:00 [INF] Executed endpoint 'Homecare.Controllers.HomeController.Index (Homecare)'
2025-10-19 20:59:16.172 +02:00 [INF] Request finished HTTP/1.1 GET http://localhost:5003/ - 200 null text/html; charset=utf-8 2.1067ms
2025-10-19 20:59:16.192 +02:00 [INF] Request starting HTTP/1.1 GET http://localhost:5003/css/home.css?v=s9o_DNLrHTitiAak_8hnsjdZCjlyIi3S83bj3-RSm6Y - null null
2025-10-19 20:59:16.192 +02:00 [INF] Request starting HTTP/1.1 GET http://localhost:5003/_framework/aspnetcore-browser-refresh.js - null null
2025-10-19 20:59:16.192 +02:00 [INF] Request finished HTTP/1.1 GET http://localhost:5003/_framework/aspnetcore-browser-refresh.js - 200 13748 application/javascript; charset=utf-8 0.1154ms
2025-10-19 20:59:16.192 +02:00 [INF] The file /css/home.css was not modified
2025-10-19 20:59:16.192 +02:00 [INF] Request finished HTTP/1.1 GET http://localhost:5003/css/home.css?v=s9o_DNLrHTitiAak_8hnsjdZCjlyIi3S83bj3-RSm6Y - 304 null text/css 0.5904ms
2025-10-19 20:59:22.030 +02:00 [INF] Request starting HTTP/1.1 GET http://localhost:5003/AvailableSlot/Table - null null
2025-10-19 20:59:22.031 +02:00 [INF] Authorization failed. These requirements were not met:
DenyAnonymousAuthorizationRequirement: Requires an authenticated user.
RolesAuthorizationRequirement:User.IsInRole must be true for one of the following roles: (Admin)
2025-10-19 20:59:22.032 +02:00 [INF] AuthenticationScheme: Identity.Application was challenged.
2025-10-19 20:59:22.032 +02:00 [INF] Request finished HTTP/1.1 GET http://localhost:5003/AvailableSlot/Table - 302 0 null 2.2599ms
2025-10-19 20:59:22.035 +02:00 [INF] Request starting HTTP/1.1 GET http://localhost:5003/Identity/Account/Login?ReturnUrl=%2FAvailableSlot%2FTable - null null
2025-10-19 20:59:22.035 +02:00 [INF] Executing endpoint '/Account/Login'
2025-10-19 20:59:22.035 +02:00 [INF] Route matched with {page = "/Account/Login", area = "Identity", action = "", controller = ""}. Executing page /Account/Login
2025-10-19 20:59:22.036 +02:00 [INF] Executing handler method Homecare.Areas.Identity.Pages.Account.LoginModel.OnGetAsync - ModelState is "Valid"
2025-10-19 20:59:22.036 +02:00 [INF] AuthenticationScheme: Identity.External signed out.
2025-10-19 20:59:22.037 +02:00 [INF] Executed handler method OnGetAsync, returned result .
2025-10-19 20:59:22.037 +02:00 [INF] Executing an implicit handler method - ModelState is "Valid"
2025-10-19 20:59:22.037 +02:00 [INF] Executed an implicit handler method, returned result Microsoft.AspNetCore.Mvc.RazorPages.PageResult.
2025-10-19 20:59:22.040 +02:00 [INF] Executed page /Account/Login in 4.1978ms
2025-10-19 20:59:22.040 +02:00 [INF] Executed endpoint '/Account/Login'
2025-10-19 20:59:22.040 +02:00 [INF] Request finished HTTP/1.1 GET http://localhost:5003/Identity/Account/Login?ReturnUrl=%2FAvailableSlot%2FTable - 200 null text/html; charset=utf-8 5.49ms
2025-10-19 20:59:22.052 +02:00 [INF] Request starting HTTP/1.1 GET http://localhost:5003/lib/jquery-validation/dist/jquery.validate.min.js - null null
2025-10-19 20:59:22.052 +02:00 [INF] Request starting HTTP/1.1 GET http://localhost:5003/_framework/aspnetcore-browser-refresh.js - null null
2025-10-19 20:59:22.052 +02:00 [INF] Request starting HTTP/1.1 GET http://localhost:5003/lib/jquery-validation-unobtrusive/jquery.validate.unobtrusive.min.js - null null
2025-10-19 20:59:22.052 +02:00 [INF] Request finished HTTP/1.1 GET http://localhost:5003/_framework/aspnetcore-browser-refresh.js - 200 13748 application/javascript; charset=utf-8 0.2395ms
2025-10-19 20:59:22.053 +02:00 [INF] Request finished HTTP/1.1 GET http://localhost:5003/lib/jquery-validation/dist/jquery.validate.min.js - 404 0 null 0.5265ms
2025-10-19 20:59:22.053 +02:00 [INF] Request reached the end of the middleware pipeline without being handled by application code. Request path: GET http://localhost:5003/lib/jquery-validation/dist/jquery.validate.min.js, Response status code: 404
2025-10-19 20:59:22.053 +02:00 [INF] Request finished HTTP/1.1 GET http://localhost:5003/lib/jquery-validation-unobtrusive/jquery.validate.unobtrusive.min.js - 404 0 null 0.5535ms
2025-10-19 20:59:22.053 +02:00 [INF] Request reached the end of the middleware pipeline without being handled by application code. Request path: GET http://localhost:5003/lib/jquery-validation-unobtrusive/jquery.validate.unobtrusive.min.js, Response status code: 404
2025-10-19 20:59:27.401 +02:00 [INF] Request starting HTTP/1.1 GET http://localhost:5003/Identity/Account/Login - null null
2025-10-19 20:59:27.402 +02:00 [INF] Executing endpoint '/Account/Login'
2025-10-19 20:59:27.402 +02:00 [INF] Route matched with {page = "/Account/Login", area = "Identity", action = "", controller = ""}. Executing page /Account/Login
2025-10-19 20:59:27.402 +02:00 [INF] Executing handler method Homecare.Areas.Identity.Pages.Account.LoginModel.OnGetAsync - ModelState is "Valid"
2025-10-19 20:59:27.403 +02:00 [INF] AuthenticationScheme: Identity.External signed out.
2025-10-19 20:59:27.403 +02:00 [INF] Executed handler method OnGetAsync, returned result .
2025-10-19 20:59:27.403 +02:00 [INF] Executing an implicit handler method - ModelState is "Valid"
2025-10-19 20:59:27.403 +02:00 [INF] Executed an implicit handler method, returned result Microsoft.AspNetCore.Mvc.RazorPages.PageResult.
2025-10-19 20:59:27.404 +02:00 [INF] Executed page /Account/Login in 1.58ms
2025-10-19 20:59:27.404 +02:00 [INF] Executed endpoint '/Account/Login'
2025-10-19 20:59:27.404 +02:00 [INF] Request finished HTTP/1.1 GET http://localhost:5003/Identity/Account/Login - 200 null text/html; charset=utf-8 2.47ms
2025-10-19 20:59:27.417 +02:00 [INF] Request starting HTTP/1.1 GET http://localhost:5003/css/home.css?v=s9o_DNLrHTitiAak_8hnsjdZCjlyIi3S83bj3-RSm6Y - null null
2025-10-19 20:59:27.417 +02:00 [INF] Request starting HTTP/1.1 GET http://localhost:5003/_framework/aspnetcore-browser-refresh.js - null null
2025-10-19 20:59:27.417 +02:00 [INF] Request starting HTTP/1.1 GET http://localhost:5003/lib/jquery-validation/dist/jquery.validate.min.js - null null
2025-10-19 20:59:27.418 +02:00 [INF] Request finished HTTP/1.1 GET http://localhost:5003/_framework/aspnetcore-browser-refresh.js - 200 13748 application/javascript; charset=utf-8 0.1114ms
2025-10-19 20:59:27.418 +02:00 [INF] The file /css/home.css was not modified
2025-10-19 20:59:27.418 +02:00 [INF] Request finished HTTP/1.1 GET http://localhost:5003/css/home.css?v=s9o_DNLrHTitiAak_8hnsjdZCjlyIi3S83bj3-RSm6Y - 304 null text/css 0.4261ms
2025-10-19 20:59:27.418 +02:00 [INF] Request finished HTTP/1.1 GET http://localhost:5003/lib/jquery-validation/dist/jquery.validate.min.js - 404 0 null 0.5503ms
2025-10-19 20:59:27.418 +02:00 [INF] Request starting HTTP/1.1 GET http://localhost:5003/lib/jquery-validation-unobtrusive/jquery.validate.unobtrusive.min.js - null null
2025-10-19 20:59:27.418 +02:00 [INF] Request reached the end of the middleware pipeline without being handled by application code. Request path: GET http://localhost:5003/lib/jquery-validation/dist/jquery.validate.min.js, Response status code: 404
2025-10-19 20:59:27.418 +02:00 [INF] Request finished HTTP/1.1 GET http://localhost:5003/lib/jquery-validation-unobtrusive/jquery.validate.unobtrusive.min.js - 404 0 null 0.2549ms
2025-10-19 20:59:27.418 +02:00 [INF] Request reached the end of the middleware pipeline without being handled by application code. Request path: GET http://localhost:5003/lib/jquery-validation-unobtrusive/jquery.validate.unobtrusive.min.js, Response status code: 404
2025-10-19 20:59:33.955 +02:00 [INF] Request starting HTTP/1.1 POST http://localhost:5003/Identity/Account/Login - application/x-www-form-urlencoded 253
2025-10-19 20:59:33.956 +02:00 [INF] Executing endpoint '/Account/Login'
2025-10-19 20:59:33.956 +02:00 [INF] Route matched with {page = "/Account/Login", area = "Identity", action = "", controller = ""}. Executing page /Account/Login
2025-10-19 20:59:33.962 +02:00 [INF] Executing handler method Homecare.Areas.Identity.Pages.Account.LoginModel.OnPostAsync - ModelState is "Valid"
2025-10-19 20:59:34.026 +02:00 [INF] AuthenticationScheme: Identity.Application signed in.
2025-10-19 20:59:34.026 +02:00 [INF] User logged in.
2025-10-19 20:59:34.026 +02:00 [INF] Executed handler method OnPostAsync, returned result Microsoft.AspNetCore.Mvc.LocalRedirectResult.
2025-10-19 20:59:34.026 +02:00 [INF] Executing LocalRedirectResult, redirecting to /.
2025-10-19 20:59:34.026 +02:00 [INF] Executed page /Account/Login in 70.3125ms
2025-10-19 20:59:34.026 +02:00 [INF] Executed endpoint '/Account/Login'
2025-10-19 20:59:34.026 +02:00 [INF] Request finished HTTP/1.1 POST http://localhost:5003/Identity/Account/Login - 302 0 null 70.9965ms
2025-10-19 20:59:34.028 +02:00 [INF] Request starting HTTP/1.1 GET http://localhost:5003/ - null null
2025-10-19 20:59:34.029 +02:00 [INF] Executing endpoint 'Homecare.Controllers.HomeController.Index (Homecare)'
2025-10-19 20:59:34.029 +02:00 [INF] Route matched with {action = "Index", controller = "Home", page = "", area = ""}. Executing controller action with signature Microsoft.AspNetCore.Mvc.IActionResult Index() on controller Homecare.Controllers.HomeController (Homecare).
2025-10-19 20:59:34.029 +02:00 [INF] Executing ViewResult, running view Index.
2025-10-19 20:59:34.030 +02:00 [INF] Executed ViewResult - view Index executed in 0.5618ms.
2025-10-19 20:59:34.030 +02:00 [INF] Executed action Homecare.Controllers.HomeController.Index (Homecare) in 0.6425ms
2025-10-19 20:59:34.030 +02:00 [INF] Executed endpoint 'Homecare.Controllers.HomeController.Index (Homecare)'
2025-10-19 20:59:34.030 +02:00 [INF] Request finished HTTP/1.1 GET http://localhost:5003/ - 200 null text/html; charset=utf-8 1.1308ms
2025-10-19 20:59:34.041 +02:00 [INF] Request starting HTTP/1.1 GET http://localhost:5003/_framework/aspnetcore-browser-refresh.js - null null
2025-10-19 20:59:34.041 +02:00 [INF] Request finished HTTP/1.1 GET http://localhost:5003/_framework/aspnetcore-browser-refresh.js - 200 13748 application/javascript; charset=utf-8 0.1642ms
2025-10-19 20:59:39.114 +02:00 [INF] Request starting HTTP/1.1 GET http://localhost:5003/Admin/Dashboard - null null
2025-10-19 20:59:39.114 +02:00 [INF] Executing endpoint 'Homecare.Controllers.AdminController.Dashboard (Homecare)'
2025-10-19 20:59:39.115 +02:00 [INF] Route matched with {action = "Dashboard", controller = "Admin", page = "", area = ""}. Executing controller action with signature System.Threading.Tasks.Task`1[Microsoft.AspNetCore.Mvc.IActionResult] Dashboard(Int32, Int32) on controller Homecare.Controllers.AdminController (Homecare).
2025-10-19 20:59:39.119 +02:00 [INF] Executing ViewResult, running view Dashboard.
2025-10-19 20:59:39.120 +02:00 [INF] Executed ViewResult - view Dashboard executed in 1.2803ms.
2025-10-19 20:59:39.120 +02:00 [INF] Executed action Homecare.Controllers.AdminController.Dashboard (Homecare) in 5.8843ms
2025-10-19 20:59:39.120 +02:00 [INF] Executed endpoint 'Homecare.Controllers.AdminController.Dashboard (Homecare)'
2025-10-19 20:59:39.121 +02:00 [INF] Request finished HTTP/1.1 GET http://localhost:5003/Admin/Dashboard - 200 null text/html; charset=utf-8 6.6769ms
2025-10-19 20:59:39.134 +02:00 [INF] Request starting HTTP/1.1 GET http://localhost:5003/css/home.css?v=s9o_DNLrHTitiAak_8hnsjdZCjlyIi3S83bj3-RSm6Y - null null
2025-10-19 20:59:39.134 +02:00 [INF] Request starting HTTP/1.1 GET http://localhost:5003/_framework/aspnetcore-browser-refresh.js - null null
2025-10-19 20:59:39.134 +02:00 [INF] The file /css/home.css was not modified
2025-10-19 20:59:39.134 +02:00 [INF] Request finished HTTP/1.1 GET http://localhost:5003/_framework/aspnetcore-browser-refresh.js - 200 13748 application/javascript; charset=utf-8 0.2354ms
2025-10-19 20:59:39.134 +02:00 [INF] Request finished HTTP/1.1 GET http://localhost:5003/css/home.css?v=s9o_DNLrHTitiAak_8hnsjdZCjlyIi3S83bj3-RSm6Y - 304 null text/css 0.2989ms
2025-10-19 20:59:41.647 +02:00 [INF] Request starting HTTP/1.1 GET http://localhost:5003/Client/Dashboard?clientId=11 - null null
2025-10-19 20:59:41.648 +02:00 [INF] Executing endpoint 'Homecare.Controllers.ClientController.Dashboard (Homecare)'
2025-10-19 20:59:41.651 +02:00 [INF] Route matched with {action = "Dashboard", controller = "Client", page = "", area = ""}. Executing controller action with signature System.Threading.Tasks.Task`1[Microsoft.AspNetCore.Mvc.IActionResult] Dashboard(System.Nullable`1[System.Int32]) on controller Homecare.Controllers.ClientController (Homecare).
2025-10-19 20:59:41.670 +02:00 [INF] Executing ViewResult, running view Dashboard.
2025-10-19 20:59:41.702 +02:00 [INF] Executed ViewResult - view Dashboard executed in 32.1475ms.
2025-10-19 20:59:41.702 +02:00 [INF] Executed action Homecare.Controllers.ClientController.Dashboard (Homecare) in 50.8968ms
2025-10-19 20:59:41.702 +02:00 [INF] Executed endpoint 'Homecare.Controllers.ClientController.Dashboard (Homecare)'
2025-10-19 20:59:41.702 +02:00 [INF] Request finished HTTP/1.1 GET http://localhost:5003/Client/Dashboard?clientId=11 - 200 null text/html; charset=utf-8 55.5773ms
2025-10-19 20:59:41.713 +02:00 [INF] Request starting HTTP/1.1 GET http://localhost:5003/css/client.css?v=8UTpfRSLw_6tN4YV156k5bH95nvn52mHwKk-bwKGrJY - null null
2025-10-19 20:59:41.714 +02:00 [INF] Sending file. Request path: '/css/client.css'. Physical path: 'C:\Users\cosku\Desktop\Oslomet Emner\ITPE3200-1 24H Webapplikasjoner\HomeCare\webprogrammering2025\Homecare\wwwroot\css\client.css'
2025-10-19 20:59:41.714 +02:00 [INF] Request finished HTTP/1.1 GET http://localhost:5003/css/client.css?v=8UTpfRSLw_6tN4YV156k5bH95nvn52mHwKk-bwKGrJY - 200 2800 text/css 1.1221ms
2025-10-19 20:59:41.721 +02:00 [INF] Request starting HTTP/1.1 GET http://localhost:5003/_framework/aspnetcore-browser-refresh.js - null null
2025-10-19 20:59:41.721 +02:00 [INF] Request finished HTTP/1.1 GET http://localhost:5003/_framework/aspnetcore-browser-refresh.js - 200 13748 application/javascript; charset=utf-8 0.2043ms
2025-10-19 20:59:42.595 +02:00 [INF] Request starting HTTP/1.1 GET http://localhost:5003/Appointment/Details/25?backTo=client&ownerId=11 - null null
2025-10-19 20:59:42.596 +02:00 [INF] Executing endpoint 'Homecare.Controllers.AppointmentController.Details (Homecare)'
2025-10-19 20:59:42.600 +02:00 [INF] Route matched with {action = "Details", controller = "Appointment", page = "", area = ""}. Executing controller action with signature System.Threading.Tasks.Task`1[Microsoft.AspNetCore.Mvc.IActionResult] Details(Int32) on controller Homecare.Controllers.AppointmentController (Homecare).
2025-10-19 20:59:42.614 +02:00 [INF] Executing ViewResult, running view Details.
2025-10-19 20:59:42.618 +02:00 [INF] Executed ViewResult - view Details executed in 5.2078ms.
2025-10-19 20:59:42.618 +02:00 [INF] Executed action Homecare.Controllers.AppointmentController.Details (Homecare) in 17.9995ms
2025-10-19 20:59:42.618 +02:00 [INF] Executed endpoint 'Homecare.Controllers.AppointmentController.Details (Homecare)'
2025-10-19 20:59:42.618 +02:00 [INF] Request finished HTTP/1.1 GET http://localhost:5003/Appointment/Details/25?backTo=client&ownerId=11 - 200 null text/html; charset=utf-8 22.9636ms
2025-10-19 20:59:42.629 +02:00 [INF] Request starting HTTP/1.1 GET http://localhost:5003/_framework/aspnetcore-browser-refresh.js - null null
2025-10-19 20:59:42.629 +02:00 [INF] Request finished HTTP/1.1 GET http://localhost:5003/_framework/aspnetcore-browser-refresh.js - 200 13748 application/javascript; charset=utf-8 0.119ms
2025-10-19 20:59:43.753 +02:00 [INF] Request starting HTTP/1.1 GET http://localhost:5003/Appointment/Edit/25 - null null
2025-10-19 20:59:43.755 +02:00 [INF] Executing endpoint 'Homecare.Controllers.AppointmentController.Edit (Homecare)'
2025-10-19 20:59:43.758 +02:00 [INF] Route matched with {action = "Edit", controller = "Appointment", page = "", area = ""}. Executing controller action with signature System.Threading.Tasks.Task`1[Microsoft.AspNetCore.Mvc.IActionResult] Edit(Int32) on controller Homecare.Controllers.AppointmentController (Homecare).
2025-10-19 20:59:43.772 +02:00 [INF] Executing ViewResult, running view Edit.
2025-10-19 20:59:43.819 +02:00 [INF] Executed ViewResult - view Edit executed in 47.3453ms.
2025-10-19 20:59:43.819 +02:00 [INF] Executed action Homecare.Controllers.AppointmentController.Edit (Homecare) in 61.2273ms
2025-10-19 20:59:43.819 +02:00 [INF] Executed endpoint 'Homecare.Controllers.AppointmentController.Edit (Homecare)'
2025-10-19 20:59:43.819 +02:00 [INF] Request finished HTTP/1.1 GET http://localhost:5003/Appointment/Edit/25 - 200 null text/html; charset=utf-8 66.2537ms
2025-10-19 20:59:43.831 +02:00 [INF] Request starting HTTP/1.1 GET http://localhost:5003/css/availability.css?v=mWebKHvBs_WWP3snr4ENwSqXl_hADPFPXXJHSISwAeI - null null
2025-10-19 20:59:43.832 +02:00 [INF] Request starting HTTP/1.1 GET http://localhost:5003/_framework/aspnetcore-browser-refresh.js - null null
2025-10-19 20:59:43.832 +02:00 [INF] Request finished HTTP/1.1 GET http://localhost:5003/_framework/aspnetcore-browser-refresh.js - 200 13748 application/javascript; charset=utf-8 0.1322ms
2025-10-19 20:59:43.839 +02:00 [INF] Sending file. Request path: '/css/availability.css'. Physical path: 'C:\Users\cosku\Desktop\Oslomet Emner\ITPE3200-1 24H Webapplikasjoner\HomeCare\webprogrammering2025\Homecare\wwwroot\css\availability.css'
2025-10-19 20:59:43.840 +02:00 [INF] Request finished HTTP/1.1 GET http://localhost:5003/css/availability.css?v=mWebKHvBs_WWP3snr4ENwSqXl_hADPFPXXJHSISwAeI - 200 4779 text/css 8.4088ms
2025-10-19 20:59:43.848 +02:00 [INF] Request starting HTTP/1.1 GET http://localhost:5003/Client/SlotsForDay?day=2025-10-20 - null null
2025-10-19 20:59:43.850 +02:00 [INF] Executing endpoint 'Homecare.Controllers.ClientController.SlotsForDay (Homecare)'
2025-10-19 20:59:43.852 +02:00 [INF] Route matched with {action = "SlotsForDay", controller = "Client", page = "", area = ""}. Executing controller action with signature System.Threading.Tasks.Task`1[Microsoft.AspNetCore.Mvc.IActionResult] SlotsForDay(System.String) on controller Homecare.Controllers.ClientController (Homecare).
2025-10-19 20:59:43.865 +02:00 [INF] Executing JsonResult, writing value of type 'System.Linq.Enumerable+SelectListIterator`2[[Homecare.Models.AvailableSlot, Homecare, Version=1.0.0.0, Culture=neutral, PublicKeyToken=null],[<>f__AnonymousType13`2[[System.Int32, System.Private.CoreLib, Version=8.0.0.0, Culture=neutral, PublicKeyToken=7cec85d7bea7798e],[System.String, System.Private.CoreLib, Version=8.0.0.0, Culture=neutral, PublicKeyToken=7cec85d7bea7798e]], Homecare, Version=1.0.0.0, Culture=neutral, PublicKeyToken=null]]'.
2025-10-19 20:59:43.869 +02:00 [INF] Executed action Homecare.Controllers.ClientController.SlotsForDay (Homecare) in 16.436ms
2025-10-19 20:59:43.869 +02:00 [INF] Executed endpoint 'Homecare.Controllers.ClientController.SlotsForDay (Homecare)'
2025-10-19 20:59:43.869 +02:00 [INF] Request finished HTTP/1.1 GET http://localhost:5003/Client/SlotsForDay?day=2025-10-20 - 200 null application/json; charset=utf-8 20.7578ms
2025-10-19 20:59:45.497 +02:00 [INF] Request starting HTTP/1.1 GET http://localhost:5003/Client/SlotsForDay?day=2025-10-21 - null null
2025-10-19 20:59:45.498 +02:00 [INF] Executing endpoint 'Homecare.Controllers.ClientController.SlotsForDay (Homecare)'
2025-10-19 20:59:45.498 +02:00 [INF] Route matched with {action = "SlotsForDay", controller = "Client", page = "", area = ""}. Executing controller action with signature System.Threading.Tasks.Task`1[Microsoft.AspNetCore.Mvc.IActionResult] SlotsForDay(System.String) on controller Homecare.Controllers.ClientController (Homecare).
2025-10-19 20:59:45.500 +02:00 [INF] Executing JsonResult, writing value of type 'System.Linq.Enumerable+SelectListIterator`2[[Homecare.Models.AvailableSlot, Homecare, Version=1.0.0.0, Culture=neutral, PublicKeyToken=null],[<>f__AnonymousType13`2[[System.Int32, System.Private.CoreLib, Version=8.0.0.0, Culture=neutral, PublicKeyToken=7cec85d7bea7798e],[System.String, System.Private.CoreLib, Version=8.0.0.0, Culture=neutral, PublicKeyToken=7cec85d7bea7798e]], Homecare, Version=1.0.0.0, Culture=neutral, PublicKeyToken=null]]'.
2025-10-19 20:59:45.500 +02:00 [INF] Executed action Homecare.Controllers.ClientController.SlotsForDay (Homecare) in 1.6835ms
2025-10-19 20:59:45.500 +02:00 [INF] Executed endpoint 'Homecare.Controllers.ClientController.SlotsForDay (Homecare)'
2025-10-19 20:59:45.500 +02:00 [INF] Request finished HTTP/1.1 GET http://localhost:5003/Client/SlotsForDay?day=2025-10-21 - 200 null application/json; charset=utf-8 2.834ms
2025-10-19 20:59:50.418 +02:00 [INF] Request starting HTTP/1.1 POST http://localhost:5003/Appointment/Edit/25 - application/x-www-form-urlencoded 362
2025-10-19 20:59:50.419 +02:00 [INF] Executing endpoint 'Homecare.Controllers.AppointmentController.Edit (Homecare)'
2025-10-19 20:59:50.427 +02:00 [INF] Route matched with {action = "Edit", controller = "Appointment", page = "", area = ""}. Executing controller action with signature System.Threading.Tasks.Task`1[Microsoft.AspNetCore.Mvc.IActionResult] Edit(Homecare.ViewModels.AppointmentEditViewModel) on controller Homecare.Controllers.AppointmentController (Homecare).
2025-10-19 20:59:50.455 +02:00 [INF] [AppointmentRepository] Updated appointment #25
2025-10-19 20:59:50.465 +02:00 [INF] [AppointmentRepository] Replaced tasks for appointment #25
2025-10-19 20:59:50.465 +02:00 [INF] Executing RedirectResult, redirecting to /Appointment/Table.
2025-10-19 20:59:50.466 +02:00 [INF] Executed action Homecare.Controllers.AppointmentController.Edit (Homecare) in 38.335ms
2025-10-19 20:59:50.466 +02:00 [INF] Executed endpoint 'Homecare.Controllers.AppointmentController.Edit (Homecare)'
2025-10-19 20:59:50.466 +02:00 [INF] Request finished HTTP/1.1 POST http://localhost:5003/Appointment/Edit/25 - 302 0 null 48.3284ms
2025-10-19 20:59:50.468 +02:00 [INF] Request starting HTTP/1.1 GET http://localhost:5003/Appointment/Table - null null
2025-10-19 20:59:50.469 +02:00 [INF] Executing endpoint 'Homecare.Controllers.AppointmentController.Table (Homecare)'
2025-10-19 20:59:50.471 +02:00 [INF] Route matched with {action = "Table", controller = "Appointment", page = "", area = ""}. Executing controller action with signature System.Threading.Tasks.Task`1[Microsoft.AspNetCore.Mvc.IActionResult] Table() on controller Homecare.Controllers.AppointmentController (Homecare).
2025-10-19 20:59:50.472 +02:00 [INF] Executing ViewResult, running view Table.
2025-10-19 20:59:50.477 +02:00 [INF] Executed ViewResult - view Table executed in 4.7733ms.
2025-10-19 20:59:50.477 +02:00 [INF] Executed action Homecare.Controllers.AppointmentController.Table (Homecare) in 6.1489ms
2025-10-19 20:59:50.477 +02:00 [INF] Executed endpoint 'Homecare.Controllers.AppointmentController.Table (Homecare)'
2025-10-19 20:59:50.477 +02:00 [INF] Request finished HTTP/1.1 GET http://localhost:5003/Appointment/Table - 200 null text/html; charset=utf-8 8.6092ms
2025-10-19 20:59:50.486 +02:00 [INF] Request starting HTTP/1.1 GET http://localhost:5003/css/home.css?v=s9o_DNLrHTitiAak_8hnsjdZCjlyIi3S83bj3-RSm6Y - null null
2025-10-19 20:59:50.486 +02:00 [INF] Request starting HTTP/1.1 GET http://localhost:5003/_framework/aspnetcore-browser-refresh.js - null null
2025-10-19 20:59:50.487 +02:00 [INF] The file /css/home.css was not modified
2025-10-19 20:59:50.487 +02:00 [INF] Request finished HTTP/1.1 GET http://localhost:5003/_framework/aspnetcore-browser-refresh.js - 200 13748 application/javascript; charset=utf-8 0.1042ms
2025-10-19 20:59:50.487 +02:00 [INF] Request finished HTTP/1.1 GET http://localhost:5003/css/home.css?v=s9o_DNLrHTitiAak_8hnsjdZCjlyIi3S83bj3-RSm6Y - 304 null text/css 0.3267ms
2025-10-19 20:59:52.295 +02:00 [INF] Request starting HTTP/1.1 GET http://localhost:5003/Client/Create?clientId=0 - null null
2025-10-19 20:59:52.295 +02:00 [INF] Executing endpoint 'Homecare.Controllers.ClientController.Create (Homecare)'
2025-10-19 20:59:52.299 +02:00 [INF] Route matched with {action = "Create", controller = "Client", page = "", area = ""}. Executing controller action with signature System.Threading.Tasks.Task`1[Microsoft.AspNetCore.Mvc.IActionResult] Create(Int32, System.String) on controller Homecare.Controllers.ClientController (Homecare).
2025-10-19 20:59:52.312 +02:00 [INF] Executing ViewResult, running view Create.
2025-10-19 20:59:52.326 +02:00 [INF] Executed ViewResult - view Create executed in 14.5631ms.
2025-10-19 20:59:52.326 +02:00 [INF] Executed action Homecare.Controllers.ClientController.Create (Homecare) in 27.4354ms
2025-10-19 20:59:52.326 +02:00 [INF] Executed endpoint 'Homecare.Controllers.ClientController.Create (Homecare)'
2025-10-19 20:59:52.326 +02:00 [INF] Request finished HTTP/1.1 GET http://localhost:5003/Client/Create?clientId=0 - 200 null text/html; charset=utf-8 31.7353ms
2025-10-19 20:59:52.335 +02:00 [INF] Request starting HTTP/1.1 GET http://localhost:5003/_framework/aspnetcore-browser-refresh.js - null null
2025-10-19 20:59:52.335 +02:00 [INF] Request finished HTTP/1.1 GET http://localhost:5003/_framework/aspnetcore-browser-refresh.js - 200 13748 application/javascript; charset=utf-8 0.1198ms
2025-10-19 21:01:11.746 +02:00 [INF] Request starting HTTP/1.1 GET http://localhost:5003/ - null null
2025-10-19 21:01:11.747 +02:00 [INF] Executing endpoint 'Homecare.Controllers.HomeController.Index (Homecare)'
2025-10-19 21:01:11.747 +02:00 [INF] Route matched with {action = "Index", controller = "Home", page = "", area = ""}. Executing controller action with signature Microsoft.AspNetCore.Mvc.IActionResult Index() on controller Homecare.Controllers.HomeController (Homecare).
2025-10-19 21:01:11.748 +02:00 [INF] Executing ViewResult, running view Index.
2025-10-19 21:01:11.749 +02:00 [INF] Executed ViewResult - view Index executed in 0.9572ms.
2025-10-19 21:01:11.749 +02:00 [INF] Executed action Homecare.Controllers.HomeController.Index (Homecare) in 1.076ms
2025-10-19 21:01:11.749 +02:00 [INF] Executed endpoint 'Homecare.Controllers.HomeController.Index (Homecare)'
2025-10-19 21:01:11.749 +02:00 [INF] Request finished HTTP/1.1 GET http://localhost:5003/ - 200 null text/html; charset=utf-8 2.1843ms
2025-10-19 21:01:11.763 +02:00 [INF] Request starting HTTP/1.1 GET http://localhost:5003/css/home.css?v=s9o_DNLrHTitiAak_8hnsjdZCjlyIi3S83bj3-RSm6Y - null null
2025-10-19 21:01:11.763 +02:00 [INF] The file /css/home.css was not modified
2025-10-19 21:01:11.763 +02:00 [INF] Request finished HTTP/1.1 GET http://localhost:5003/css/home.css?v=s9o_DNLrHTitiAak_8hnsjdZCjlyIi3S83bj3-RSm6Y - 304 null text/css 0.4978ms
2025-10-19 21:01:11.772 +02:00 [INF] Request starting HTTP/1.1 GET http://localhost:5003/_framework/aspnetcore-browser-refresh.js - null null
2025-10-19 21:01:11.772 +02:00 [INF] Request finished HTTP/1.1 GET http://localhost:5003/_framework/aspnetcore-browser-refresh.js - 200 13748 application/javascript; charset=utf-8 0.171ms
2025-10-19 21:02:19.280 +02:00 [INF] Request starting HTTP/1.1 GET http://localhost:5003/ - null null
2025-10-19 21:02:19.281 +02:00 [INF] Executing endpoint 'Homecare.Controllers.HomeController.Index (Homecare)'
2025-10-19 21:02:19.281 +02:00 [INF] Route matched with {action = "Index", controller = "Home", page = "", area = ""}. Executing controller action with signature Microsoft.AspNetCore.Mvc.IActionResult Index() on controller Homecare.Controllers.HomeController (Homecare).
2025-10-19 21:02:19.281 +02:00 [INF] Executing ViewResult, running view Index.
2025-10-19 21:02:19.282 +02:00 [INF] Executed ViewResult - view Index executed in 0.6659ms.
2025-10-19 21:02:19.282 +02:00 [INF] Executed action Homecare.Controllers.HomeController.Index (Homecare) in 0.7867ms
2025-10-19 21:02:19.282 +02:00 [INF] Executed endpoint 'Homecare.Controllers.HomeController.Index (Homecare)'
2025-10-19 21:02:19.282 +02:00 [INF] Request finished HTTP/1.1 GET http://localhost:5003/ - 200 null text/html; charset=utf-8 1.8292ms
2025-10-19 21:02:19.293 +02:00 [INF] Request starting HTTP/1.1 GET http://localhost:5003/css/home.css?v=s9o_DNLrHTitiAak_8hnsjdZCjlyIi3S83bj3-RSm6Y - null null
2025-10-19 21:02:19.294 +02:00 [INF] The file /css/home.css was not modified
2025-10-19 21:02:19.294 +02:00 [INF] Request finished HTTP/1.1 GET http://localhost:5003/css/home.css?v=s9o_DNLrHTitiAak_8hnsjdZCjlyIi3S83bj3-RSm6Y - 304 null text/css 0.4652ms
2025-10-19 21:02:19.294 +02:00 [INF] Request starting HTTP/1.1 GET http://localhost:5003/_framework/aspnetcore-browser-refresh.js - null null
2025-10-19 21:02:19.294 +02:00 [INF] Request finished HTTP/1.1 GET http://localhost:5003/_framework/aspnetcore-browser-refresh.js - 200 13748 application/javascript; charset=utf-8 0.1107ms
2025-10-19 21:02:19.330 +02:00 [INF] Request starting HTTP/1.1 GET http://localhost:5003/images/heart-pulse.svg?v=PK5MC9xtkiDhEKmZX8Flf5H7f7lf240lyoyShyp7rl8 - null null
2025-10-19 21:02:19.330 +02:00 [INF] The file /images/heart-pulse.svg was not modified
2025-10-19 21:02:19.330 +02:00 [INF] Request finished HTTP/1.1 GET http://localhost:5003/images/heart-pulse.svg?v=PK5MC9xtkiDhEKmZX8Flf5H7f7lf240lyoyShyp7rl8 - 304 null image/svg+xml 0.438ms
2025-10-19 21:02:21.370 +02:00 [INF] Request starting HTTP/1.1 GET http://localhost:5003/ - null null
2025-10-19 21:02:21.371 +02:00 [INF] Executing endpoint 'Homecare.Controllers.HomeController.Index (Homecare)'
2025-10-19 21:02:21.373 +02:00 [INF] Route matched with {action = "Index", controller = "Home", page = "", area = ""}. Executing controller action with signature Microsoft.AspNetCore.Mvc.IActionResult Index() on controller Homecare.Controllers.HomeController (Homecare).
2025-10-19 21:02:21.376 +02:00 [INF] Executing ViewResult, running view Index.
2025-10-19 21:02:21.400 +02:00 [INF] Executed ViewResult - view Index executed in 27.0719ms.
2025-10-19 21:02:21.400 +02:00 [INF] Executed action Homecare.Controllers.HomeController.Index (Homecare) in 27.2264ms
2025-10-19 21:02:21.400 +02:00 [INF] Executed endpoint 'Homecare.Controllers.HomeController.Index (Homecare)'
2025-10-19 21:02:21.400 +02:00 [INF] Request finished HTTP/1.1 GET http://localhost:5003/ - 200 null text/html; charset=utf-8 29.9161ms
2025-10-19 21:02:21.410 +02:00 [INF] Request starting HTTP/1.1 GET http://localhost:5003/_framework/aspnetcore-browser-refresh.js - null null
2025-10-19 21:02:21.410 +02:00 [INF] Request finished HTTP/1.1 GET http://localhost:5003/_framework/aspnetcore-browser-refresh.js - 200 13748 application/javascript; charset=utf-8 0.1598ms
2025-10-19 21:03:21.792 +02:00 [INF] Request starting HTTP/1.1 GET http://localhost:5003/Home/AfterLogin - null null
2025-10-19 21:03:21.793 +02:00 [INF] Executing endpoint 'Homecare.Controllers.HomeController.AfterLogin (Homecare)'
2025-10-19 21:03:21.797 +02:00 [INF] Route matched with {action = "AfterLogin", controller = "Home", page = "", area = ""}. Executing controller action with signature System.Threading.Tasks.Task`1[Microsoft.AspNetCore.Mvc.IActionResult] AfterLogin() on controller Homecare.Controllers.HomeController (Homecare).
2025-10-19 21:03:21.797 +02:00 [INF] Executing RedirectResult, redirecting to /Admin/Dashboard.
2025-10-19 21:03:21.797 +02:00 [INF] Executed action Homecare.Controllers.HomeController.AfterLogin (Homecare) in 0.4089ms
2025-10-19 21:03:21.797 +02:00 [INF] Executed endpoint 'Homecare.Controllers.HomeController.AfterLogin (Homecare)'
2025-10-19 21:03:21.798 +02:00 [INF] Request finished HTTP/1.1 GET http://localhost:5003/Home/AfterLogin - 302 0 null 5.4782ms
2025-10-19 21:03:21.800 +02:00 [INF] Request starting HTTP/1.1 GET http://localhost:5003/Admin/Dashboard - null null
2025-10-19 21:03:21.802 +02:00 [INF] Executing endpoint 'Homecare.Controllers.AdminController.Dashboard (Homecare)'
2025-10-19 21:03:21.806 +02:00 [INF] Route matched with {action = "Dashboard", controller = "Admin", page = "", area = ""}. Executing controller action with signature System.Threading.Tasks.Task`1[Microsoft.AspNetCore.Mvc.IActionResult] Dashboard(Int32, Int32) on controller Homecare.Controllers.AdminController (Homecare).
2025-10-19 21:03:21.812 +02:00 [INF] Executing ViewResult, running view Dashboard.
2025-10-19 21:03:21.817 +02:00 [INF] Executed ViewResult - view Dashboard executed in 5.6753ms.
2025-10-19 21:03:21.817 +02:00 [INF] Executed action Homecare.Controllers.AdminController.Dashboard (Homecare) in 11.5049ms
2025-10-19 21:03:21.817 +02:00 [INF] Executed endpoint 'Homecare.Controllers.AdminController.Dashboard (Homecare)'
2025-10-19 21:03:21.818 +02:00 [INF] Request finished HTTP/1.1 GET http://localhost:5003/Admin/Dashboard - 200 null text/html; charset=utf-8 17.1373ms
2025-10-19 21:03:21.841 +02:00 [INF] Request starting HTTP/1.1 GET http://localhost:5003/css/home.css?v=s9o_DNLrHTitiAak_8hnsjdZCjlyIi3S83bj3-RSm6Y - null null
2025-10-19 21:03:21.841 +02:00 [INF] The file /css/home.css was not modified
2025-10-19 21:03:21.841 +02:00 [INF] Request finished HTTP/1.1 GET http://localhost:5003/css/home.css?v=s9o_DNLrHTitiAak_8hnsjdZCjlyIi3S83bj3-RSm6Y - 304 null text/css 0.5191ms
2025-10-19 21:03:21.841 +02:00 [INF] Request starting HTTP/1.1 GET http://localhost:5003/_framework/aspnetcore-browser-refresh.js - null null
2025-10-19 21:03:21.842 +02:00 [INF] Request finished HTTP/1.1 GET http://localhost:5003/_framework/aspnetcore-browser-refresh.js - 200 13748 application/javascript; charset=utf-8 0.15ms
2025-10-19 21:04:10.586 +02:00 [INF] Application is shutting down...
