2025-10-19 20:09:07.939 +02:00 [INF] User profile is available. Using 'C:\Users\cosku\AppData\Local\ASP.NET\DataProtection-Keys' as key repository and Windows DPAPI to encrypt keys at rest.
2025-10-19 20:09:08.124 +02:00 [INF] Now listening on: http://localhost:5003
2025-10-19 20:09:08.126 +02:00 [INF] Application started. Press Ctrl+C to shut down.
2025-10-19 20:09:08.126 +02:00 [INF] Hosting environment: Development
2025-10-19 20:09:08.126 +02:00 [INF] Content root path: C:\Users\cosku\Desktop\Oslomet Emner\ITPE3200-1 24H Webapplikasjoner\HomeCare\webprogrammering2025\Homecare
2025-10-19 20:09:10.218 +02:00 [INF] Request starting HTTP/1.1 GET http://localhost:5003/ - null null
2025-10-19 20:09:10.243 +02:00 [INF] Executing endpoint 'Homecare.Controllers.HomeController.Index (Homecare)'
2025-10-19 20:09:10.247 +02:00 [INF] Route matched with {action = "Index", controller = "Home", page = "", area = ""}. Executing controller action with signature Microsoft.AspNetCore.Mvc.IActionResult Index() on controller Homecare.Controllers.HomeController (Homecare).
2025-10-19 20:09:10.251 +02:00 [INF] Executing ViewResult, running view Index.
2025-10-19 20:09:10.297 +02:00 [INF] Executed ViewResult - view Index executed in 46.4959ms.
2025-10-19 20:09:10.298 +02:00 [INF] Executed action Homecare.Controllers.HomeController.Index (Homecare) in 50.5936ms
2025-10-19 20:09:10.298 +02:00 [INF] Executed endpoint 'Homecare.Controllers.HomeController.Index (Homecare)'
2025-10-19 20:09:10.300 +02:00 [INF] Request finished HTTP/1.1 GET http://localhost:5003/ - 200 null text/html; charset=utf-8 83.1672ms
2025-10-19 20:09:15.231 +02:00 [INF] Request starting HTTP/1.1 GET http://localhost:5003/Personnel/Dashboard?personnelId=4 - null null
2025-10-19 20:09:15.235 +02:00 [INF] Executing endpoint 'Homecare.Controllers.PersonnelController.Dashboard (Homecare)'
2025-10-19 20:09:15.241 +02:00 [INF] Route matched with {action = "Dashboard", controller = "Personnel", page = "", area = ""}. Executing controller action with signature System.Threading.Tasks.Task`1[Microsoft.AspNetCore.Mvc.IActionResult] Dashboard(System.Nullable`1[System.Int32]) on controller Homecare.Controllers.PersonnelController (Homecare).
2025-10-19 20:09:15.293 +02:00 [INF] Executing ViewResult, running view Dashboard.
2025-10-19 20:09:15.314 +02:00 [INF] Executed ViewResult - view Dashboard executed in 20.8337ms.
2025-10-19 20:09:15.314 +02:00 [INF] Executed action Homecare.Controllers.PersonnelController.Dashboard (Homecare) in 72.4069ms
2025-10-19 20:09:15.314 +02:00 [INF] Executed endpoint 'Homecare.Controllers.PersonnelController.Dashboard (Homecare)'
2025-10-19 20:09:15.316 +02:00 [INF] Request finished HTTP/1.1 GET http://localhost:5003/Personnel/Dashboard?personnelId=4 - 200 null text/html; charset=utf-8 85.0145ms
2025-10-19 20:09:16.420 +02:00 [INF] Request starting HTTP/1.1 GET http://localhost:5003/Appointment/Details/22?backTo=personnel&ownerId=4 - null null
2025-10-19 20:09:16.429 +02:00 [INF] Executing endpoint 'Homecare.Controllers.AppointmentController.Details (Homecare)'
2025-10-19 20:09:16.431 +02:00 [INF] Route matched with {action = "Details", controller = "Appointment", page = "", area = ""}. Executing controller action with signature System.Threading.Tasks.Task`1[Microsoft.AspNetCore.Mvc.IActionResult] Details(Int32) on controller Homecare.Controllers.AppointmentController (Homecare).
2025-10-19 20:09:16.476 +02:00 [INF] Executing ViewResult, running view Details.
2025-10-19 20:09:16.480 +02:00 [INF] Executed ViewResult - view Details executed in 4.0767ms.
2025-10-19 20:09:16.480 +02:00 [INF] Executed action Homecare.Controllers.AppointmentController.Details (Homecare) in 48.0663ms
2025-10-19 20:09:16.480 +02:00 [INF] Executed endpoint 'Homecare.Controllers.AppointmentController.Details (Homecare)'
2025-10-19 20:09:16.480 +02:00 [INF] Request finished HTTP/1.1 GET http://localhost:5003/Appointment/Details/22?backTo=personnel&ownerId=4 - 200 null text/html; charset=utf-8 60.137ms
2025-10-19 20:09:17.576 +02:00 [INF] Request starting HTTP/1.1 GET http://localhost:5003/Appointment/Edit/22 - null null
2025-10-19 20:09:17.579 +02:00 [INF] Authorization failed. These requirements were not met:
RolesAuthorizationRequirement:User.IsInRole must be true for one of the following roles: (Admin|Client)
2025-10-19 20:09:17.580 +02:00 [INF] AuthenticationScheme: Identity.Application was forbidden.
2025-10-19 20:09:17.580 +02:00 [INF] Request finished HTTP/1.1 GET http://localhost:5003/Appointment/Edit/22 - 302 0 null 4.4018ms
2025-10-19 20:09:17.585 +02:00 [INF] Request starting HTTP/1.1 GET http://localhost:5003/Identity/Account/AccessDenied?ReturnUrl=%2FAppointment%2FEdit%2F22 - null null
2025-10-19 20:09:17.586 +02:00 [INF] Executing endpoint '/Account/AccessDenied'
2025-10-19 20:09:17.594 +02:00 [INF] Route matched with {page = "/Account/AccessDenied", area = "Identity", action = "", controller = ""}. Executing page /Account/AccessDenied
2025-10-19 20:09:17.602 +02:00 [INF] Executing handler method Homecare.Areas.Identity.Pages.Account.AccessDeniedModel.OnGet - ModelState is "Valid"
2025-10-19 20:09:17.603 +02:00 [INF] Executed handler method OnGet, returned result .
2025-10-19 20:09:17.604 +02:00 [INF] Executing an implicit handler method - ModelState is "Valid"
2025-10-19 20:09:17.604 +02:00 [INF] Executed an implicit handler method, returned result Microsoft.AspNetCore.Mvc.RazorPages.PageResult.
2025-10-19 20:09:17.608 +02:00 [INF] Executed page /Account/AccessDenied in 14.0544ms
2025-10-19 20:09:17.608 +02:00 [INF] Executed endpoint '/Account/AccessDenied'
2025-10-19 20:09:17.608 +02:00 [INF] Request finished HTTP/1.1 GET http://localhost:5003/Identity/Account/AccessDenied?ReturnUrl=%2FAppointment%2FEdit%2F22 - 200 null text/html; charset=utf-8 23.2389ms
2025-10-19 20:09:20.213 +02:00 [INF] Request starting HTTP/1.1 GET http://localhost:5003/Personnel/Dashboard?personnelId=4 - null null
2025-10-19 20:09:20.214 +02:00 [INF] Executing endpoint 'Homecare.Controllers.PersonnelController.Dashboard (Homecare)'
2025-10-19 20:09:20.214 +02:00 [INF] Route matched with {action = "Dashboard", controller = "Personnel", page = "", area = ""}. Executing controller action with signature System.Threading.Tasks.Task`1[Microsoft.AspNetCore.Mvc.IActionResult] Dashboard(System.Nullable`1[System.Int32]) on controller Homecare.Controllers.PersonnelController (Homecare).
2025-10-19 20:09:20.217 +02:00 [INF] Executing ViewResult, running view Dashboard.
2025-10-19 20:09:20.218 +02:00 [INF] Executed ViewResult - view Dashboard executed in 1.0558ms.
2025-10-19 20:09:20.218 +02:00 [INF] Executed action Homecare.Controllers.PersonnelController.Dashboard (Homecare) in 4.0437ms
2025-10-19 20:09:20.218 +02:00 [INF] Executed endpoint 'Homecare.Controllers.PersonnelController.Dashboard (Homecare)'
2025-10-19 20:09:20.218 +02:00 [INF] Request finished HTTP/1.1 GET http://localhost:5003/Personnel/Dashboard?personnelId=4 - 200 null text/html; charset=utf-8 5.4015ms
2025-10-19 20:09:21.641 +02:00 [INF] Request starting HTTP/1.1 GET http://localhost:5003/Personnel/CreateDay?personnelId=4 - null null
2025-10-19 20:09:21.643 +02:00 [INF] Executing endpoint 'Homecare.Controllers.PersonnelController.CreateDay (Homecare)'
2025-10-19 20:09:21.647 +02:00 [INF] Route matched with {action = "CreateDay", controller = "Personnel", page = "", area = ""}. Executing controller action with signature System.Threading.Tasks.Task`1[Microsoft.AspNetCore.Mvc.IActionResult] CreateDay(Int32) on controller Homecare.Controllers.PersonnelController (Homecare).
2025-10-19 20:09:21.683 +02:00 [INF] Executing ViewResult, running view CreateDay.
2025-10-19 20:09:21.730 +02:00 [INF] Executed ViewResult - view CreateDay executed in 47.0315ms.
2025-10-19 20:09:21.730 +02:00 [INF] Executed action Homecare.Controllers.PersonnelController.CreateDay (Homecare) in 83.0193ms
2025-10-19 20:09:21.730 +02:00 [INF] Executed endpoint 'Homecare.Controllers.PersonnelController.CreateDay (Homecare)'
2025-10-19 20:09:21.730 +02:00 [INF] Request finished HTTP/1.1 GET http://localhost:5003/Personnel/CreateDay?personnelId=4 - 200 null text/html; charset=utf-8 89.1709ms
2025-10-19 20:09:21.749 +02:00 [INF] Request starting HTTP/1.1 GET http://localhost:5003/css/availability.css?v=lxrTA6LPvePIIgTQvxY-g1qKaCXTeCjuYKSrm3B6N-c - null null
2025-10-19 20:09:21.756 +02:00 [INF] The file /css/availability.css was not modified
2025-10-19 20:09:21.757 +02:00 [INF] Request finished HTTP/1.1 GET http://localhost:5003/css/availability.css?v=lxrTA6LPvePIIgTQvxY-g1qKaCXTeCjuYKSrm3B6N-c - 304 null text/css 7.6892ms
2025-10-19 20:09:25.436 +02:00 [INF] Request starting HTTP/1.1 POST http://localhost:5003/Personnel/CreateDay - application/x-www-form-urlencoded 294
2025-10-19 20:09:25.436 +02:00 [INF] Executing endpoint 'Homecare.Controllers.PersonnelController.CreateDay (Homecare)'
2025-10-19 20:09:25.439 +02:00 [INF] Route matched with {action = "CreateDay", controller = "Personnel", page = "", area = ""}. Executing controller action with signature System.Threading.Tasks.Task`1[Microsoft.AspNetCore.Mvc.IActionResult] CreateDay(Int32, System.String) on controller Homecare.Controllers.PersonnelController (Homecare).
2025-10-19 20:09:25.489 +02:00 [INF] Executing RedirectResult, redirecting to /Personnel/Dashboard?personnelId=4.
2025-10-19 20:09:25.489 +02:00 [INF] Executed action Homecare.Controllers.PersonnelController.CreateDay (Homecare) in 50.1103ms
2025-10-19 20:09:25.489 +02:00 [INF] Executed endpoint 'Homecare.Controllers.PersonnelController.CreateDay (Homecare)'
2025-10-19 20:09:25.489 +02:00 [INF] Request finished HTTP/1.1 POST http://localhost:5003/Personnel/CreateDay - 302 0 null 53.9636ms
2025-10-19 20:09:25.493 +02:00 [INF] Request starting HTTP/1.1 GET http://localhost:5003/Personnel/Dashboard?personnelId=4 - null null
2025-10-19 20:09:25.493 +02:00 [INF] Executing endpoint 'Homecare.Controllers.PersonnelController.Dashboard (Homecare)'
2025-10-19 20:09:25.494 +02:00 [INF] Route matched with {action = "Dashboard", controller = "Personnel", page = "", area = ""}. Executing controller action with signature System.Threading.Tasks.Task`1[Microsoft.AspNetCore.Mvc.IActionResult] Dashboard(System.Nullable`1[System.Int32]) on controller Homecare.Controllers.PersonnelController (Homecare).
2025-10-19 20:09:25.496 +02:00 [INF] Executing ViewResult, running view Dashboard.
2025-10-19 20:09:25.497 +02:00 [INF] Executed ViewResult - view Dashboard executed in 1.206ms.
2025-10-19 20:09:25.497 +02:00 [INF] Executed action Homecare.Controllers.PersonnelController.Dashboard (Homecare) in 3.4849ms
2025-10-19 20:09:25.497 +02:00 [INF] Executed endpoint 'Homecare.Controllers.PersonnelController.Dashboard (Homecare)'
2025-10-19 20:09:25.497 +02:00 [INF] Request finished HTTP/1.1 GET http://localhost:5003/Personnel/Dashboard?personnelId=4 - 200 null text/html; charset=utf-8 4.5591ms
2025-10-19 20:09:41.858 +02:00 [INF] Application is shutting down...
