2025-10-22 12:59:17.323 +02:00 [INF] User profile is available. Using 'C:\Users\saski\AppData\Local\ASP.NET\DataProtection-Keys' as key repository and Windows DPAPI to encrypt keys at rest.
2025-10-22 12:59:17.336 +02:00 [INF] DBInit: starting…
2025-10-22 12:59:18.373 +02:00 [INF] DBInit: done.
2025-10-22 12:59:18.565 +02:00 [INF] Now listening on: http://localhost:5003
2025-10-22 12:59:18.565 +02:00 [INF] Application started. Press Ctrl+C to shut down.
2025-10-22 12:59:18.565 +02:00 [INF] Hosting environment: Development
2025-10-22 12:59:18.565 +02:00 [INF] Content root path: C:\Users\saski\Desktop\WEBProbgrammering_2025\22-10\web_task_2025\Homecare
2025-10-22 12:59:18.802 +02:00 [INF] Request starting HTTP/1.1 GET http://localhost:5003/ - null null
2025-10-22 12:59:18.811 +02:00 [WRN] Failed to determine the https port for redirect.
2025-10-22 12:59:18.860 +02:00 [INF] Executing endpoint 'Homecare.Controllers.HomeController.Index (Homecare)'
2025-10-22 12:59:18.867 +02:00 [INF] Route matched with {action = "Index", controller = "Home", page = "", area = ""}. Executing controller action with signature Microsoft.AspNetCore.Mvc.IActionResult Index() on controller Homecare.Controllers.HomeController (Homecare).
2025-10-22 12:59:18.874 +02:00 [INF] Executing ViewResult, running view Index.
2025-10-22 12:59:18.964 +02:00 [INF] Executed ViewResult - view Index executed in 90.4122ms.
2025-10-22 12:59:18.966 +02:00 [INF] Executed action Homecare.Controllers.HomeController.Index (Homecare) in 98.3685ms
2025-10-22 12:59:18.966 +02:00 [INF] Executed endpoint 'Homecare.Controllers.HomeController.Index (Homecare)'
2025-10-22 12:59:18.969 +02:00 [INF] Request finished HTTP/1.1 GET http://localhost:5003/ - 200 null text/html; charset=utf-8 168.4268ms
2025-10-22 12:59:18.985 +02:00 [INF] Request starting HTTP/1.1 GET http://localhost:5003/css/home.css?v=fzubcUsjgTxPBnlM_limYMc7z_4xt1h_RMqFvK_Z4Uc - null null
2025-10-22 12:59:18.988 +02:00 [INF] The file /css/home.css was not modified
2025-10-22 12:59:18.988 +02:00 [INF] Request finished HTTP/1.1 GET http://localhost:5003/css/home.css?v=fzubcUsjgTxPBnlM_limYMc7z_4xt1h_RMqFvK_Z4Uc - 304 null text/css 3.8524ms
2025-10-22 12:59:19.017 +02:00 [INF] Request starting HTTP/1.1 GET http://localhost:5003/_framework/aspnetcore-browser-refresh.js - null null
2025-10-22 12:59:19.021 +02:00 [INF] Request finished HTTP/1.1 GET http://localhost:5003/_framework/aspnetcore-browser-refresh.js - 200 16481 application/javascript; charset=utf-8 4.5432ms
2025-10-22 12:59:21.325 +02:00 [INF] Request starting HTTP/1.1 GET http://localhost:5003/Identity/Account/Register - null null
2025-10-22 12:59:21.328 +02:00 [INF] Executing endpoint '/Account/Register'
2025-10-22 12:59:21.347 +02:00 [INF] Route matched with {page = "/Account/Register", area = "Identity", action = "", controller = ""}. Executing page /Account/Register
2025-10-22 12:59:21.364 +02:00 [INF] Executing handler method Homecare.Areas.Identity.Pages.Account.RegisterModel.OnGetAsync - ModelState is "Valid"
2025-10-22 12:59:21.366 +02:00 [INF] Executed handler method OnGetAsync, returned result .
2025-10-22 12:59:21.368 +02:00 [INF] Executing an implicit handler method - ModelState is "Valid"
2025-10-22 12:59:21.369 +02:00 [INF] Executed an implicit handler method, returned result Microsoft.AspNetCore.Mvc.RazorPages.PageResult.
2025-10-22 12:59:21.403 +02:00 [INF] Executed page /Account/Register in 55.1667ms
2025-10-22 12:59:21.403 +02:00 [INF] Executed endpoint '/Account/Register'
2025-10-22 12:59:21.404 +02:00 [INF] Request finished HTTP/1.1 GET http://localhost:5003/Identity/Account/Register - 200 null text/html; charset=utf-8 78.9057ms
2025-10-22 12:59:21.422 +02:00 [INF] Request starting HTTP/1.1 GET http://localhost:5003/lib/jquery-validation/dist/jquery.validate.min.js - null null
2025-10-22 12:59:21.423 +02:00 [INF] Request starting HTTP/1.1 GET http://localhost:5003/_framework/aspnetcore-browser-refresh.js - null null
2025-10-22 12:59:21.424 +02:00 [INF] Request starting HTTP/1.1 GET http://localhost:5003/lib/jquery-validation-unobtrusive/jquery.validate.unobtrusive.min.js - null null
2025-10-22 12:59:21.424 +02:00 [INF] Request finished HTTP/1.1 GET http://localhost:5003/_framework/aspnetcore-browser-refresh.js - 200 16481 application/javascript; charset=utf-8 0.755ms
2025-10-22 12:59:21.427 +02:00 [INF] Request finished HTTP/1.1 GET http://localhost:5003/lib/jquery-validation/dist/jquery.validate.min.js - 404 0 null 5.1093ms
2025-10-22 12:59:21.427 +02:00 [INF] Request finished HTTP/1.1 GET http://localhost:5003/lib/jquery-validation-unobtrusive/jquery.validate.unobtrusive.min.js - 404 0 null 3.5205ms
2025-10-22 12:59:21.428 +02:00 [INF] Request reached the end of the middleware pipeline without being handled by application code. Request path: GET http://localhost:5003/lib/jquery-validation/dist/jquery.validate.min.js, Response status code: 404
2025-10-22 12:59:21.428 +02:00 [INF] Request reached the end of the middleware pipeline without being handled by application code. Request path: GET http://localhost:5003/lib/jquery-validation-unobtrusive/jquery.validate.unobtrusive.min.js, Response status code: 404
2025-10-22 12:59:22.453 +02:00 [INF] Request starting HTTP/1.1 GET http://localhost:5003/Identity/Account/Login - null null
2025-10-22 12:59:22.458 +02:00 [INF] Executing endpoint '/Account/Login'
2025-10-22 12:59:22.464 +02:00 [INF] Route matched with {page = "/Account/Login", area = "Identity", action = "", controller = ""}. Executing page /Account/Login
2025-10-22 12:59:22.472 +02:00 [INF] Executing handler method Homecare.Areas.Identity.Pages.Account.LoginModel.OnGetAsync - ModelState is "Valid"
2025-10-22 12:59:22.476 +02:00 [INF] AuthenticationScheme: Identity.External signed out.
2025-10-22 12:59:22.477 +02:00 [INF] Executed handler method OnGetAsync, returned result .
2025-10-22 12:59:22.477 +02:00 [INF] Executing an implicit handler method - ModelState is "Valid"
2025-10-22 12:59:22.477 +02:00 [INF] Executed an implicit handler method, returned result Microsoft.AspNetCore.Mvc.RazorPages.PageResult.
2025-10-22 12:59:22.497 +02:00 [INF] Executed page /Account/Login in 32.3777ms
2025-10-22 12:59:22.497 +02:00 [INF] Executed endpoint '/Account/Login'
2025-10-22 12:59:22.497 +02:00 [INF] Request finished HTTP/1.1 GET http://localhost:5003/Identity/Account/Login - 200 null text/html; charset=utf-8 44.1188ms
2025-10-22 12:59:22.515 +02:00 [INF] Request starting HTTP/1.1 GET http://localhost:5003/lib/jquery-validation/dist/jquery.validate.min.js - null null
2025-10-22 12:59:22.516 +02:00 [INF] Request finished HTTP/1.1 GET http://localhost:5003/lib/jquery-validation/dist/jquery.validate.min.js - 404 0 null 0.6531ms
2025-10-22 12:59:22.516 +02:00 [INF] Request reached the end of the middleware pipeline without being handled by application code. Request path: GET http://localhost:5003/lib/jquery-validation/dist/jquery.validate.min.js, Response status code: 404
2025-10-22 12:59:22.518 +02:00 [INF] Request starting HTTP/1.1 GET http://localhost:5003/lib/jquery-validation-unobtrusive/jquery.validate.unobtrusive.min.js - null null
2025-10-22 12:59:22.519 +02:00 [INF] Request starting HTTP/1.1 GET http://localhost:5003/_framework/aspnetcore-browser-refresh.js - null null
2025-10-22 12:59:22.519 +02:00 [INF] Request finished HTTP/1.1 GET http://localhost:5003/lib/jquery-validation-unobtrusive/jquery.validate.unobtrusive.min.js - 404 0 null 0.7461ms
2025-10-22 12:59:22.519 +02:00 [INF] Request finished HTTP/1.1 GET http://localhost:5003/_framework/aspnetcore-browser-refresh.js - 200 16481 application/javascript; charset=utf-8 0.2355ms
2025-10-22 12:59:22.519 +02:00 [INF] Request reached the end of the middleware pipeline without being handled by application code. Request path: GET http://localhost:5003/lib/jquery-validation-unobtrusive/jquery.validate.unobtrusive.min.js, Response status code: 404
2025-10-22 12:59:28.225 +02:00 [INF] Request starting HTTP/1.1 GET http://localhost:5003/Identity/Account/Register - null null
2025-10-22 12:59:28.226 +02:00 [INF] Executing endpoint '/Account/Register'
2025-10-22 12:59:28.226 +02:00 [INF] Route matched with {page = "/Account/Register", area = "Identity", action = "", controller = ""}. Executing page /Account/Register
2025-10-22 12:59:28.227 +02:00 [INF] Executing handler method Homecare.Areas.Identity.Pages.Account.RegisterModel.OnGetAsync - ModelState is "Valid"
2025-10-22 12:59:28.227 +02:00 [INF] Executed handler method OnGetAsync, returned result .
2025-10-22 12:59:28.227 +02:00 [INF] Executing an implicit handler method - ModelState is "Valid"
2025-10-22 12:59:28.227 +02:00 [INF] Executed an implicit handler method, returned result Microsoft.AspNetCore.Mvc.RazorPages.PageResult.
2025-10-22 12:59:28.229 +02:00 [INF] Executed page /Account/Register in 3.1219ms
2025-10-22 12:59:28.229 +02:00 [INF] Executed endpoint '/Account/Register'
2025-10-22 12:59:28.229 +02:00 [INF] Request finished HTTP/1.1 GET http://localhost:5003/Identity/Account/Register - 200 null text/html; charset=utf-8 4.302ms
2025-10-22 12:59:28.249 +02:00 [INF] Request starting HTTP/1.1 GET http://localhost:5003/lib/jquery-validation/dist/jquery.validate.min.js - null null
2025-10-22 12:59:28.249 +02:00 [INF] Request starting HTTP/1.1 GET http://localhost:5003/_framework/aspnetcore-browser-refresh.js - null null
2025-10-22 12:59:28.249 +02:00 [INF] Request starting HTTP/1.1 GET http://localhost:5003/lib/jquery-validation-unobtrusive/jquery.validate.unobtrusive.min.js - null null
2025-10-22 12:59:28.250 +02:00 [INF] Request finished HTTP/1.1 GET http://localhost:5003/_framework/aspnetcore-browser-refresh.js - 200 16481 application/javascript; charset=utf-8 0.267ms
2025-10-22 12:59:28.250 +02:00 [INF] Request finished HTTP/1.1 GET http://localhost:5003/lib/jquery-validation/dist/jquery.validate.min.js - 404 0 null 1.0795ms
2025-10-22 12:59:28.250 +02:00 [INF] Request reached the end of the middleware pipeline without being handled by application code. Request path: GET http://localhost:5003/lib/jquery-validation/dist/jquery.validate.min.js, Response status code: 404
2025-10-22 12:59:28.250 +02:00 [INF] Request finished HTTP/1.1 GET http://localhost:5003/lib/jquery-validation-unobtrusive/jquery.validate.unobtrusive.min.js - 404 0 null 0.5294ms
2025-10-22 12:59:28.250 +02:00 [INF] Request reached the end of the middleware pipeline without being handled by application code. Request path: GET http://localhost:5003/lib/jquery-validation-unobtrusive/jquery.validate.unobtrusive.min.js, Response status code: 404
2025-10-22 12:59:29.216 +02:00 [INF] Request starting HTTP/1.1 GET http://localhost:5003/Identity/Account/Login - null null
2025-10-22 12:59:29.216 +02:00 [INF] Executing endpoint '/Account/Login'
2025-10-22 12:59:29.216 +02:00 [INF] Route matched with {page = "/Account/Login", area = "Identity", action = "", controller = ""}. Executing page /Account/Login
2025-10-22 12:59:29.217 +02:00 [INF] Executing handler method Homecare.Areas.Identity.Pages.Account.LoginModel.OnGetAsync - ModelState is "Valid"
2025-10-22 12:59:29.217 +02:00 [INF] AuthenticationScheme: Identity.External signed out.
2025-10-22 12:59:29.217 +02:00 [INF] Executed handler method OnGetAsync, returned result .
2025-10-22 12:59:29.217 +02:00 [INF] Executing an implicit handler method - ModelState is "Valid"
2025-10-22 12:59:29.217 +02:00 [INF] Executed an implicit handler method, returned result Microsoft.AspNetCore.Mvc.RazorPages.PageResult.
2025-10-22 12:59:29.219 +02:00 [INF] Executed page /Account/Login in 2.6797ms
2025-10-22 12:59:29.219 +02:00 [INF] Executed endpoint '/Account/Login'
2025-10-22 12:59:29.219 +02:00 [INF] Request finished HTTP/1.1 GET http://localhost:5003/Identity/Account/Login - 200 null text/html; charset=utf-8 3.7683ms
2025-10-22 12:59:29.237 +02:00 [INF] Request starting HTTP/1.1 GET http://localhost:5003/lib/jquery-validation/dist/jquery.validate.min.js - null null
2025-10-22 12:59:29.238 +02:00 [INF] Request finished HTTP/1.1 GET http://localhost:5003/lib/jquery-validation/dist/jquery.validate.min.js - 404 0 null 0.8328ms
2025-10-22 12:59:29.238 +02:00 [INF] Request reached the end of the middleware pipeline without being handled by application code. Request path: GET http://localhost:5003/lib/jquery-validation/dist/jquery.validate.min.js, Response status code: 404
2025-10-22 12:59:29.240 +02:00 [INF] Request starting HTTP/1.1 GET http://localhost:5003/_framework/aspnetcore-browser-refresh.js - null null
2025-10-22 12:59:29.240 +02:00 [INF] Request starting HTTP/1.1 GET http://localhost:5003/lib/jquery-validation-unobtrusive/jquery.validate.unobtrusive.min.js - null null
2025-10-22 12:59:29.240 +02:00 [INF] Request finished HTTP/1.1 GET http://localhost:5003/_framework/aspnetcore-browser-refresh.js - 200 16481 application/javascript; charset=utf-8 0.3096ms
2025-10-22 12:59:29.241 +02:00 [INF] Request finished HTTP/1.1 GET http://localhost:5003/lib/jquery-validation-unobtrusive/jquery.validate.unobtrusive.min.js - 404 0 null 0.6825ms
2025-10-22 12:59:29.241 +02:00 [INF] Request reached the end of the middleware pipeline without being handled by application code. Request path: GET http://localhost:5003/lib/jquery-validation-unobtrusive/jquery.validate.unobtrusive.min.js, Response status code: 404
2025-10-22 12:59:30.768 +02:00 [INF] Request starting HTTP/1.1 GET http://localhost:5003/ - null null
2025-10-22 12:59:30.768 +02:00 [INF] Executing endpoint 'Homecare.Controllers.HomeController.Index (Homecare)'
2025-10-22 12:59:30.768 +02:00 [INF] Route matched with {action = "Index", controller = "Home", page = "", area = ""}. Executing controller action with signature Microsoft.AspNetCore.Mvc.IActionResult Index() on controller Homecare.Controllers.HomeController (Homecare).
2025-10-22 12:59:30.769 +02:00 [INF] Executing ViewResult, running view Index.
2025-10-22 12:59:30.770 +02:00 [INF] Executed ViewResult - view Index executed in 1.1577ms.
2025-10-22 12:59:30.771 +02:00 [INF] Executed action Homecare.Controllers.HomeController.Index (Homecare) in 1.964ms
2025-10-22 12:59:30.771 +02:00 [INF] Executed endpoint 'Homecare.Controllers.HomeController.Index (Homecare)'
2025-10-22 12:59:30.771 +02:00 [INF] Request finished HTTP/1.1 GET http://localhost:5003/ - 200 null text/html; charset=utf-8 2.8719ms
2025-10-22 12:59:30.791 +02:00 [INF] Request starting HTTP/1.1 GET http://localhost:5003/_framework/aspnetcore-browser-refresh.js - null null
2025-10-22 12:59:30.791 +02:00 [INF] Request finished HTTP/1.1 GET http://localhost:5003/_framework/aspnetcore-browser-refresh.js - 200 16481 application/javascript; charset=utf-8 0.2149ms
2025-10-22 13:04:44.948 +02:00 [INF] Request starting HTTP/1.1 GET http://localhost:5003/Identity/Account/Register - null null
2025-10-22 13:04:44.948 +02:00 [INF] Executing endpoint '/Account/Register'
2025-10-22 13:04:44.948 +02:00 [INF] Route matched with {page = "/Account/Register", area = "Identity", action = "", controller = ""}. Executing page /Account/Register
2025-10-22 13:04:44.949 +02:00 [INF] Executing handler method Homecare.Areas.Identity.Pages.Account.RegisterModel.OnGetAsync - ModelState is "Valid"
2025-10-22 13:04:44.949 +02:00 [INF] Executed handler method OnGetAsync, returned result .
2025-10-22 13:04:44.949 +02:00 [INF] Executing an implicit handler method - ModelState is "Valid"
2025-10-22 13:04:44.950 +02:00 [INF] Executed an implicit handler method, returned result Microsoft.AspNetCore.Mvc.RazorPages.PageResult.
2025-10-22 13:04:44.952 +02:00 [INF] Executed page /Account/Register in 3.2501ms
2025-10-22 13:04:44.952 +02:00 [INF] Executed endpoint '/Account/Register'
2025-10-22 13:04:44.952 +02:00 [INF] Request finished HTTP/1.1 GET http://localhost:5003/Identity/Account/Register - 200 null text/html; charset=utf-8 4.3624ms
2025-10-22 13:04:44.984 +02:00 [INF] Request starting HTTP/1.1 GET http://localhost:5003/_framework/aspnetcore-browser-refresh.js - null null
2025-10-22 13:04:44.984 +02:00 [INF] Request starting HTTP/1.1 GET http://localhost:5003/css/home.css?v=fzubcUsjgTxPBnlM_limYMc7z_4xt1h_RMqFvK_Z4Uc - null null
2025-10-22 13:04:44.984 +02:00 [INF] Request finished HTTP/1.1 GET http://localhost:5003/_framework/aspnetcore-browser-refresh.js - 200 16481 application/javascript; charset=utf-8 0.4199ms
2025-10-22 13:04:44.984 +02:00 [INF] The file /css/home.css was not modified
2025-10-22 13:04:44.985 +02:00 [INF] Request finished HTTP/1.1 GET http://localhost:5003/css/home.css?v=fzubcUsjgTxPBnlM_limYMc7z_4xt1h_RMqFvK_Z4Uc - 304 null text/css 0.9071ms
2025-10-22 13:04:44.986 +02:00 [INF] Request starting HTTP/1.1 GET http://localhost:5003/lib/jquery-validation/dist/jquery.validate.min.js - null null
2025-10-22 13:04:44.986 +02:00 [INF] Request starting HTTP/1.1 GET http://localhost:5003/lib/jquery-validation-unobtrusive/jquery.validate.unobtrusive.min.js - null null
2025-10-22 13:04:44.987 +02:00 [INF] Request finished HTTP/1.1 GET http://localhost:5003/lib/jquery-validation-unobtrusive/jquery.validate.unobtrusive.min.js - 404 0 null 0.8019ms
2025-10-22 13:04:44.987 +02:00 [INF] Request finished HTTP/1.1 GET http://localhost:5003/lib/jquery-validation/dist/jquery.validate.min.js - 404 0 null 0.8219ms
2025-10-22 13:04:44.987 +02:00 [INF] Request reached the end of the middleware pipeline without being handled by application code. Request path: GET http://localhost:5003/lib/jquery-validation-unobtrusive/jquery.validate.unobtrusive.min.js, Response status code: 404
2025-10-22 13:04:44.987 +02:00 [INF] Request reached the end of the middleware pipeline without being handled by application code. Request path: GET http://localhost:5003/lib/jquery-validation/dist/jquery.validate.min.js, Response status code: 404
2025-10-22 13:04:46.396 +02:00 [INF] Request starting HTTP/1.1 GET http://localhost:5003/Identity/Account/Login - null null
2025-10-22 13:04:46.397 +02:00 [INF] Executing endpoint '/Account/Login'
2025-10-22 13:04:46.397 +02:00 [INF] Route matched with {page = "/Account/Login", area = "Identity", action = "", controller = ""}. Executing page /Account/Login
2025-10-22 13:04:46.398 +02:00 [INF] Executing handler method Homecare.Areas.Identity.Pages.Account.LoginModel.OnGetAsync - ModelState is "Valid"
2025-10-22 13:04:46.398 +02:00 [INF] AuthenticationScheme: Identity.External signed out.
2025-10-22 13:04:46.398 +02:00 [INF] Executed handler method OnGetAsync, returned result .
2025-10-22 13:04:46.398 +02:00 [INF] Executing an implicit handler method - ModelState is "Valid"
2025-10-22 13:04:46.398 +02:00 [INF] Executed an implicit handler method, returned result Microsoft.AspNetCore.Mvc.RazorPages.PageResult.
2025-10-22 13:04:46.399 +02:00 [INF] Executed page /Account/Login in 2.1136ms
2025-10-22 13:04:46.399 +02:00 [INF] Executed endpoint '/Account/Login'
2025-10-22 13:04:46.400 +02:00 [INF] Request finished HTTP/1.1 GET http://localhost:5003/Identity/Account/Login - 200 null text/html; charset=utf-8 3.3507ms
2025-10-22 13:04:46.419 +02:00 [INF] Request starting HTTP/1.1 GET http://localhost:5003/lib/jquery-validation/dist/jquery.validate.min.js - null null
2025-10-22 13:04:46.420 +02:00 [INF] Request starting HTTP/1.1 GET http://localhost:5003/_framework/aspnetcore-browser-refresh.js - null null
2025-10-22 13:04:46.420 +02:00 [INF] Request starting HTTP/1.1 GET http://localhost:5003/lib/jquery-validation-unobtrusive/jquery.validate.unobtrusive.min.js - null null
2025-10-22 13:04:46.420 +02:00 [INF] Request finished HTTP/1.1 GET http://localhost:5003/_framework/aspnetcore-browser-refresh.js - 200 16481 application/javascript; charset=utf-8 0.2132ms
2025-10-22 13:04:46.420 +02:00 [INF] Request finished HTTP/1.1 GET http://localhost:5003/lib/jquery-validation/dist/jquery.validate.min.js - 404 0 null 0.7246ms
2025-10-22 13:04:46.420 +02:00 [INF] Request reached the end of the middleware pipeline without being handled by application code. Request path: GET http://localhost:5003/lib/jquery-validation/dist/jquery.validate.min.js, Response status code: 404
2025-10-22 13:04:46.420 +02:00 [INF] Request finished HTTP/1.1 GET http://localhost:5003/lib/jquery-validation-unobtrusive/jquery.validate.unobtrusive.min.js - 404 0 null 0.4085ms
2025-10-22 13:04:46.420 +02:00 [INF] Request reached the end of the middleware pipeline without being handled by application code. Request path: GET http://localhost:5003/lib/jquery-validation-unobtrusive/jquery.validate.unobtrusive.min.js, Response status code: 404
2025-10-22 13:04:58.287 +02:00 [INF] Request starting HTTP/1.1 GET http://localhost:5003/Identity/Account/Login - null null
2025-10-22 13:04:58.288 +02:00 [INF] Executing endpoint '/Account/Login'
2025-10-22 13:04:58.288 +02:00 [INF] Route matched with {page = "/Account/Login", area = "Identity", action = "", controller = ""}. Executing page /Account/Login
2025-10-22 13:04:58.289 +02:00 [INF] Executing handler method Homecare.Areas.Identity.Pages.Account.LoginModel.OnGetAsync - ModelState is "Valid"
2025-10-22 13:04:58.289 +02:00 [INF] AuthenticationScheme: Identity.External signed out.
2025-10-22 13:04:58.289 +02:00 [INF] Executed handler method OnGetAsync, returned result .
2025-10-22 13:04:58.289 +02:00 [INF] Executing an implicit handler method - ModelState is "Valid"
2025-10-22 13:04:58.289 +02:00 [INF] Executed an implicit handler method, returned result Microsoft.AspNetCore.Mvc.RazorPages.PageResult.
2025-10-22 13:04:58.290 +02:00 [INF] Executed page /Account/Login in 2.2093ms
2025-10-22 13:04:58.290 +02:00 [INF] Executed endpoint '/Account/Login'
2025-10-22 13:04:58.290 +02:00 [INF] Request finished HTTP/1.1 GET http://localhost:5003/Identity/Account/Login - 200 null text/html; charset=utf-8 3.0295ms
2025-10-22 13:04:58.310 +02:00 [INF] Request starting HTTP/1.1 GET http://localhost:5003/lib/jquery-validation/dist/jquery.validate.min.js - null null
2025-10-22 13:04:58.311 +02:00 [INF] Request starting HTTP/1.1 GET http://localhost:5003/lib/jquery-validation-unobtrusive/jquery.validate.unobtrusive.min.js - null null
2025-10-22 13:04:58.311 +02:00 [INF] Request starting HTTP/1.1 GET http://localhost:5003/_framework/aspnetcore-browser-refresh.js - null null
2025-10-22 13:04:58.311 +02:00 [INF] Request finished HTTP/1.1 GET http://localhost:5003/_framework/aspnetcore-browser-refresh.js - 200 16481 application/javascript; charset=utf-8 0.1672ms
2025-10-22 13:04:58.311 +02:00 [INF] Request finished HTTP/1.1 GET http://localhost:5003/lib/jquery-validation/dist/jquery.validate.min.js - 404 0 null 0.9948ms
2025-10-22 13:04:58.311 +02:00 [INF] Request finished HTTP/1.1 GET http://localhost:5003/lib/jquery-validation-unobtrusive/jquery.validate.unobtrusive.min.js - 404 0 null 0.5631ms
2025-10-22 13:04:58.312 +02:00 [INF] Request reached the end of the middleware pipeline without being handled by application code. Request path: GET http://localhost:5003/lib/jquery-validation-unobtrusive/jquery.validate.unobtrusive.min.js, Response status code: 404
2025-10-22 13:04:58.312 +02:00 [INF] Request reached the end of the middleware pipeline without being handled by application code. Request path: GET http://localhost:5003/lib/jquery-validation/dist/jquery.validate.min.js, Response status code: 404
2025-10-22 13:05:35.335 +02:00 [INF] Application is shutting down...
