2025-10-19 20:03:10.208 +02:00 [INF] User profile is available. Using 'C:\Users\cosku\AppData\Local\ASP.NET\DataProtection-Keys' as key repository and Windows DPAPI to encrypt keys at rest.
2025-10-19 20:03:10.400 +02:00 [INF] Now listening on: http://localhost:5003
2025-10-19 20:03:10.403 +02:00 [INF] Application started. Press Ctrl+C to shut down.
2025-10-19 20:03:10.403 +02:00 [INF] Hosting environment: Development
2025-10-19 20:03:10.403 +02:00 [INF] Content root path: C:\Users\cosku\Desktop\Oslomet Emner\ITPE3200-1 24H Webapplikasjoner\HomeCare\webprogrammering2025\Homecare
2025-10-19 20:03:12.411 +02:00 [INF] Request starting HTTP/1.1 GET http://localhost:5003/Client/Dashboard?clientId=10 - null null
2025-10-19 20:03:12.436 +02:00 [INF] Executing endpoint 'Homecare.Controllers.ClientController.Dashboard (Homecare)'
2025-10-19 20:03:12.444 +02:00 [INF] Route matched with {action = "Dashboard", controller = "Client", page = "", area = ""}. Executing controller action with signature System.Threading.Tasks.Task`1[Microsoft.AspNetCore.Mvc.IActionResult] Dashboard(System.Nullable`1[System.Int32]) on controller Homecare.Controllers.ClientController (Homecare).
2025-10-19 20:03:12.510 +02:00 [INF] Executing ViewResult, running view Dashboard.
2025-10-19 20:03:12.570 +02:00 [INF] Executed ViewResult - view Dashboard executed in 60.3649ms.
2025-10-19 20:03:12.571 +02:00 [INF] Executed action Homecare.Controllers.ClientController.Dashboard (Homecare) in 126.5646ms
2025-10-19 20:03:12.571 +02:00 [INF] Executed endpoint 'Homecare.Controllers.ClientController.Dashboard (Homecare)'
2025-10-19 20:03:12.574 +02:00 [INF] Request finished HTTP/1.1 GET http://localhost:5003/Client/Dashboard?clientId=10 - 200 null text/html; charset=utf-8 163.8799ms
2025-10-19 20:03:13.971 +02:00 [INF] Request starting HTTP/1.1 GET http://localhost:5003/Appointment/Edit/20 - null null
2025-10-19 20:03:13.974 +02:00 [INF] Executing endpoint 'Homecare.Controllers.AppointmentController.Edit (Homecare)'
2025-10-19 20:03:13.977 +02:00 [INF] Route matched with {action = "Edit", controller = "Appointment", page = "", area = ""}. Executing controller action with signature System.Threading.Tasks.Task`1[Microsoft.AspNetCore.Mvc.IActionResult] Edit(Int32) on controller Homecare.Controllers.AppointmentController (Homecare).
2025-10-19 20:03:14.051 +02:00 [INF] Executing ViewResult, running view Edit.
2025-10-19 20:03:14.088 +02:00 [INF] Executed ViewResult - view Edit executed in 37.4681ms.
2025-10-19 20:03:14.088 +02:00 [INF] Executed action Homecare.Controllers.AppointmentController.Edit (Homecare) in 111.1589ms
2025-10-19 20:03:14.088 +02:00 [INF] Executed endpoint 'Homecare.Controllers.AppointmentController.Edit (Homecare)'
2025-10-19 20:03:14.089 +02:00 [INF] Request finished HTTP/1.1 GET http://localhost:5003/Appointment/Edit/20 - 200 null text/html; charset=utf-8 117.8952ms
2025-10-19 20:03:14.114 +02:00 [INF] Request starting HTTP/1.1 GET http://localhost:5003/Client/SlotsForDay?day=2025-10-20 - null null
2025-10-19 20:03:14.124 +02:00 [INF] Executing endpoint 'Homecare.Controllers.ClientController.SlotsForDay (Homecare)'
2025-10-19 20:03:14.126 +02:00 [INF] Route matched with {action = "SlotsForDay", controller = "Client", page = "", area = ""}. Executing controller action with signature System.Threading.Tasks.Task`1[Microsoft.AspNetCore.Mvc.IActionResult] SlotsForDay(System.String) on controller Homecare.Controllers.ClientController (Homecare).
2025-10-19 20:03:14.147 +02:00 [INF] Executing JsonResult, writing value of type 'System.Linq.Enumerable+SelectListIterator`2[[Homecare.Models.AvailableSlot, Homecare, Version=1.0.0.0, Culture=neutral, PublicKeyToken=null],[<>f__AnonymousType13`2[[System.Int32, System.Private.CoreLib, Version=8.0.0.0, Culture=neutral, PublicKeyToken=7cec85d7bea7798e],[System.String, System.Private.CoreLib, Version=8.0.0.0, Culture=neutral, PublicKeyToken=7cec85d7bea7798e]], Homecare, Version=1.0.0.0, Culture=neutral, PublicKeyToken=null]]'.
2025-10-19 20:03:14.154 +02:00 [INF] Executed action Homecare.Controllers.ClientController.SlotsForDay (Homecare) in 27.4385ms
2025-10-19 20:03:14.154 +02:00 [INF] Executed endpoint 'Homecare.Controllers.ClientController.SlotsForDay (Homecare)'
2025-10-19 20:03:14.154 +02:00 [INF] Request finished HTTP/1.1 GET http://localhost:5003/Client/SlotsForDay?day=2025-10-20 - 200 null application/json; charset=utf-8 40.2665ms
2025-10-19 20:03:15.822 +02:00 [INF] Request starting HTTP/1.1 GET http://localhost:5003/Client/SlotsForDay?day=2025-10-22 - null null
2025-10-19 20:03:15.823 +02:00 [INF] Executing endpoint 'Homecare.Controllers.ClientController.SlotsForDay (Homecare)'
2025-10-19 20:03:15.823 +02:00 [INF] Route matched with {action = "SlotsForDay", controller = "Client", page = "", area = ""}. Executing controller action with signature System.Threading.Tasks.Task`1[Microsoft.AspNetCore.Mvc.IActionResult] SlotsForDay(System.String) on controller Homecare.Controllers.ClientController (Homecare).
2025-10-19 20:03:15.824 +02:00 [INF] Executing JsonResult, writing value of type 'System.Linq.Enumerable+SelectListIterator`2[[Homecare.Models.AvailableSlot, Homecare, Version=1.0.0.0, Culture=neutral, PublicKeyToken=null],[<>f__AnonymousType13`2[[System.Int32, System.Private.CoreLib, Version=8.0.0.0, Culture=neutral, PublicKeyToken=7cec85d7bea7798e],[System.String, System.Private.CoreLib, Version=8.0.0.0, Culture=neutral, PublicKeyToken=7cec85d7bea7798e]], Homecare, Version=1.0.0.0, Culture=neutral, PublicKeyToken=null]]'.
2025-10-19 20:03:15.825 +02:00 [INF] Executed action Homecare.Controllers.ClientController.SlotsForDay (Homecare) in 1.8425ms
2025-10-19 20:03:15.825 +02:00 [INF] Executed endpoint 'Homecare.Controllers.ClientController.SlotsForDay (Homecare)'
2025-10-19 20:03:15.825 +02:00 [INF] Request finished HTTP/1.1 GET http://localhost:5003/Client/SlotsForDay?day=2025-10-22 - 200 null application/json; charset=utf-8 3.2996ms
2025-10-19 20:03:21.135 +02:00 [INF] Request starting HTTP/1.1 POST http://localhost:5003/Appointment/Edit/20 - application/x-www-form-urlencoded 364
2025-10-19 20:03:21.136 +02:00 [INF] Executing endpoint 'Homecare.Controllers.AppointmentController.Edit (Homecare)'
2025-10-19 20:03:21.147 +02:00 [INF] Route matched with {action = "Edit", controller = "Appointment", page = "", area = ""}. Executing controller action with signature System.Threading.Tasks.Task`1[Microsoft.AspNetCore.Mvc.IActionResult] Edit(Homecare.ViewModels.AppointmentEditViewModel) on controller Homecare.Controllers.AppointmentController (Homecare).
2025-10-19 20:03:21.184 +02:00 [INF] [AppointmentRepository] Updated appointment #20
2025-10-19 20:03:21.200 +02:00 [INF] [AppointmentRepository] Replaced tasks for appointment #20
2025-10-19 20:03:21.201 +02:00 [INF] Executing RedirectResult, redirecting to /Client/Dashboard?clientId=10.
2025-10-19 20:03:21.202 +02:00 [INF] Executed action Homecare.Controllers.AppointmentController.Edit (Homecare) in 54.9801ms
2025-10-19 20:03:21.202 +02:00 [INF] Executed endpoint 'Homecare.Controllers.AppointmentController.Edit (Homecare)'
2025-10-19 20:03:21.203 +02:00 [INF] Request finished HTTP/1.1 POST http://localhost:5003/Appointment/Edit/20 - 302 0 null 67.4696ms
2025-10-19 20:03:21.205 +02:00 [INF] Request starting HTTP/1.1 GET http://localhost:5003/Client/Dashboard?clientId=10 - null null
2025-10-19 20:03:21.205 +02:00 [INF] Executing endpoint 'Homecare.Controllers.ClientController.Dashboard (Homecare)'
2025-10-19 20:03:21.205 +02:00 [INF] Route matched with {action = "Dashboard", controller = "Client", page = "", area = ""}. Executing controller action with signature System.Threading.Tasks.Task`1[Microsoft.AspNetCore.Mvc.IActionResult] Dashboard(System.Nullable`1[System.Int32]) on controller Homecare.Controllers.ClientController (Homecare).
2025-10-19 20:03:21.207 +02:00 [INF] Executing ViewResult, running view Dashboard.
2025-10-19 20:03:21.211 +02:00 [INF] Executed ViewResult - view Dashboard executed in 4.451ms.
2025-10-19 20:03:21.211 +02:00 [INF] Executed action Homecare.Controllers.ClientController.Dashboard (Homecare) in 5.8944ms
2025-10-19 20:03:21.211 +02:00 [INF] Executed endpoint 'Homecare.Controllers.ClientController.Dashboard (Homecare)'
2025-10-19 20:03:21.212 +02:00 [INF] Request finished HTTP/1.1 GET http://localhost:5003/Client/Dashboard?clientId=10 - 200 null text/html; charset=utf-8 6.6324ms
2025-10-19 20:03:25.414 +02:00 [INF] Request starting HTTP/1.1 POST http://localhost:5003/Appointment/Delete/7 - application/x-www-form-urlencoded 225
2025-10-19 20:03:25.415 +02:00 [INF] Executing endpoint 'Homecare.Controllers.AppointmentController.DeleteConfirmed (Homecare)'
2025-10-19 20:03:25.417 +02:00 [INF] Route matched with {action = "Delete", controller = "Appointment", page = "", area = ""}. Executing controller action with signature System.Threading.Tasks.Task`1[Microsoft.AspNetCore.Mvc.IActionResult] DeleteConfirmed(Int32) on controller Homecare.Controllers.AppointmentController (Homecare).
2025-10-19 20:03:25.464 +02:00 [INF] [AppointmentRepository] Deleted appointment #7
2025-10-19 20:03:25.465 +02:00 [INF] Executing RedirectResult, redirecting to /Client/Dashboard?clientId=10.
2025-10-19 20:03:25.466 +02:00 [INF] Executed action Homecare.Controllers.AppointmentController.DeleteConfirmed (Homecare) in 48.64ms
2025-10-19 20:03:25.466 +02:00 [INF] Executed endpoint 'Homecare.Controllers.AppointmentController.DeleteConfirmed (Homecare)'
2025-10-19 20:03:25.467 +02:00 [INF] Request finished HTTP/1.1 POST http://localhost:5003/Appointment/Delete/7 - 302 0 null 53.0311ms
2025-10-19 20:03:25.479 +02:00 [INF] Request starting HTTP/1.1 GET http://localhost:5003/Client/Dashboard?clientId=10 - null null
2025-10-19 20:03:25.482 +02:00 [INF] Executing endpoint 'Homecare.Controllers.ClientController.Dashboard (Homecare)'
2025-10-19 20:03:25.482 +02:00 [INF] Route matched with {action = "Dashboard", controller = "Client", page = "", area = ""}. Executing controller action with signature System.Threading.Tasks.Task`1[Microsoft.AspNetCore.Mvc.IActionResult] Dashboard(System.Nullable`1[System.Int32]) on controller Homecare.Controllers.ClientController (Homecare).
2025-10-19 20:03:25.485 +02:00 [INF] Executing ViewResult, running view Dashboard.
2025-10-19 20:03:25.488 +02:00 [INF] Executed ViewResult - view Dashboard executed in 2.1913ms.
2025-10-19 20:03:25.488 +02:00 [INF] Executed action Homecare.Controllers.ClientController.Dashboard (Homecare) in 5.6432ms
2025-10-19 20:03:25.488 +02:00 [INF] Executed endpoint 'Homecare.Controllers.ClientController.Dashboard (Homecare)'
2025-10-19 20:03:25.488 +02:00 [INF] Request finished HTTP/1.1 GET http://localhost:5003/Client/Dashboard?clientId=10 - 200 null text/html; charset=utf-8 8.7019ms
2025-10-19 20:03:28.022 +02:00 [INF] Request starting HTTP/1.1 GET http://localhost:5003/Client/Create?clientId=10 - null null
2025-10-19 20:03:28.022 +02:00 [INF] Executing endpoint 'Homecare.Controllers.ClientController.Create (Homecare)'
2025-10-19 20:03:28.025 +02:00 [INF] Route matched with {action = "Create", controller = "Client", page = "", area = ""}. Executing controller action with signature System.Threading.Tasks.Task`1[Microsoft.AspNetCore.Mvc.IActionResult] Create(Int32, System.String) on controller Homecare.Controllers.ClientController (Homecare).
2025-10-19 20:03:28.036 +02:00 [INF] Executing ViewResult, running view Create.
2025-10-19 20:03:28.053 +02:00 [INF] Executed ViewResult - view Create executed in 17.2147ms.
2025-10-19 20:03:28.053 +02:00 [INF] Executed action Homecare.Controllers.ClientController.Create (Homecare) in 28.0931ms
2025-10-19 20:03:28.053 +02:00 [INF] Executed endpoint 'Homecare.Controllers.ClientController.Create (Homecare)'
2025-10-19 20:03:28.053 +02:00 [INF] Request finished HTTP/1.1 GET http://localhost:5003/Client/Create?clientId=10 - 200 null text/html; charset=utf-8 31.6213ms
2025-10-19 20:03:30.136 +02:00 [INF] Request starting HTTP/1.1 GET http://localhost:5003/Client/SlotsForDay?day=2025-10-21 - null null
2025-10-19 20:03:30.137 +02:00 [INF] Executing endpoint 'Homecare.Controllers.ClientController.SlotsForDay (Homecare)'
2025-10-19 20:03:30.137 +02:00 [INF] Route matched with {action = "SlotsForDay", controller = "Client", page = "", area = ""}. Executing controller action with signature System.Threading.Tasks.Task`1[Microsoft.AspNetCore.Mvc.IActionResult] SlotsForDay(System.String) on controller Homecare.Controllers.ClientController (Homecare).
2025-10-19 20:03:30.138 +02:00 [INF] Executing JsonResult, writing value of type 'System.Linq.Enumerable+SelectListIterator`2[[Homecare.Models.AvailableSlot, Homecare, Version=1.0.0.0, Culture=neutral, PublicKeyToken=null],[<>f__AnonymousType13`2[[System.Int32, System.Private.CoreLib, Version=8.0.0.0, Culture=neutral, PublicKeyToken=7cec85d7bea7798e],[System.String, System.Private.CoreLib, Version=8.0.0.0, Culture=neutral, PublicKeyToken=7cec85d7bea7798e]], Homecare, Version=1.0.0.0, Culture=neutral, PublicKeyToken=null]]'.
2025-10-19 20:03:30.138 +02:00 [INF] Executed action Homecare.Controllers.ClientController.SlotsForDay (Homecare) in 1.5ms
2025-10-19 20:03:30.138 +02:00 [INF] Executed endpoint 'Homecare.Controllers.ClientController.SlotsForDay (Homecare)'
2025-10-19 20:03:30.138 +02:00 [INF] Request finished HTTP/1.1 GET http://localhost:5003/Client/SlotsForDay?day=2025-10-21 - 200 null application/json; charset=utf-8 2.3101ms
2025-10-19 20:03:38.459 +02:00 [INF] Request starting HTTP/1.1 POST http://localhost:5003/Client/Create?clientId=10 - application/x-www-form-urlencoded 326
2025-10-19 20:03:38.459 +02:00 [INF] Executing endpoint 'Homecare.Controllers.ClientController.Create (Homecare)'
2025-10-19 20:03:38.464 +02:00 [INF] Route matched with {action = "Create", controller = "Client", page = "", area = ""}. Executing controller action with signature System.Threading.Tasks.Task`1[Microsoft.AspNetCore.Mvc.IActionResult] Create(Int32, Homecare.ViewModels.AppointmentCreateViewModel) on controller Homecare.Controllers.ClientController (Homecare).
2025-10-19 20:03:38.486 +02:00 [INF] [AppointmentRepository] Added appointment #23 for client #10
2025-10-19 20:03:38.486 +02:00 [INF] Executing RedirectResult, redirecting to /Client/Dashboard?clientId=10.
2025-10-19 20:03:38.486 +02:00 [INF] Executed action Homecare.Controllers.ClientController.Create (Homecare) in 22.403ms
2025-10-19 20:03:38.486 +02:00 [INF] Executed endpoint 'Homecare.Controllers.ClientController.Create (Homecare)'
2025-10-19 20:03:38.486 +02:00 [INF] Request finished HTTP/1.1 POST http://localhost:5003/Client/Create?clientId=10 - 302 0 null 27.7075ms
2025-10-19 20:03:38.488 +02:00 [INF] Request starting HTTP/1.1 GET http://localhost:5003/Client/Dashboard?clientId=10 - null null
2025-10-19 20:03:38.489 +02:00 [INF] Executing endpoint 'Homecare.Controllers.ClientController.Dashboard (Homecare)'
2025-10-19 20:03:38.489 +02:00 [INF] Route matched with {action = "Dashboard", controller = "Client", page = "", area = ""}. Executing controller action with signature System.Threading.Tasks.Task`1[Microsoft.AspNetCore.Mvc.IActionResult] Dashboard(System.Nullable`1[System.Int32]) on controller Homecare.Controllers.ClientController (Homecare).
2025-10-19 20:03:38.490 +02:00 [INF] Executing ViewResult, running view Dashboard.
2025-10-19 20:03:38.491 +02:00 [INF] Executed ViewResult - view Dashboard executed in 0.7165ms.
2025-10-19 20:03:38.491 +02:00 [INF] Executed action Homecare.Controllers.ClientController.Dashboard (Homecare) in 1.8469ms
2025-10-19 20:03:38.491 +02:00 [INF] Executed endpoint 'Homecare.Controllers.ClientController.Dashboard (Homecare)'
2025-10-19 20:03:38.491 +02:00 [INF] Request finished HTTP/1.1 GET http://localhost:5003/Client/Dashboard?clientId=10 - 200 null text/html; charset=utf-8 2.4035ms
2025-10-19 20:03:43.061 +02:00 [INF] Application is shutting down...
