2025-10-22 09:22:22.317 +02:00 [INF] User profile is available. Using 'C:\Users\saski\AppData\Local\ASP.NET\DataProtection-Keys' as key repository and Windows DPAPI to encrypt keys at rest.
2025-10-22 09:22:22.333 +02:00 [INF] DBInit: starting…
2025-10-22 09:22:23.747 +02:00 [INF] DBInit: done.
2025-10-22 09:22:24.029 +02:00 [INF] Now listening on: http://localhost:5003
2025-10-22 09:22:24.030 +02:00 [INF] Application started. Press Ctrl+C to shut down.
2025-10-22 09:22:24.031 +02:00 [INF] Hosting environment: Development
2025-10-22 09:22:24.032 +02:00 [INF] Content root path: C:\Users\saski\Desktop\Webapplikasjoner\2\webprogrammering2025\Homecare
2025-10-22 09:22:55.083 +02:00 [INF] Request starting HTTP/1.1 GET http://localhost:5003/ - null null
2025-10-22 09:22:55.097 +02:00 [WRN] Failed to determine the https port for redirect.
2025-10-22 09:22:55.140 +02:00 [INF] Executing endpoint 'Homecare.Controllers.HomeController.Index (Homecare)'
2025-10-22 09:22:55.150 +02:00 [INF] Route matched with {action = "Index", controller = "Home", page = "", area = ""}. Executing controller action with signature Microsoft.AspNetCore.Mvc.IActionResult Index() on controller Homecare.Controllers.HomeController (Homecare).
2025-10-22 09:22:55.159 +02:00 [INF] Executing ViewResult, running view Index.
2025-10-22 09:22:55.262 +02:00 [INF] Executed ViewResult - view Index executed in 103.2988ms.
2025-10-22 09:22:55.265 +02:00 [INF] Executed action Homecare.Controllers.HomeController.Index (Homecare) in 113.0419ms
2025-10-22 09:22:55.266 +02:00 [INF] Executed endpoint 'Homecare.Controllers.HomeController.Index (Homecare)'
2025-10-22 09:22:55.272 +02:00 [INF] Request finished HTTP/1.1 GET http://localhost:5003/ - 200 null text/html; charset=utf-8 190.5436ms
2025-10-22 09:22:55.305 +02:00 [INF] Request starting HTTP/1.1 GET http://localhost:5003/css/home.css?v=imZIJGRfqAAhGxUdOFUSfwbqIAkiF9uJ1BlEZJ23vnA - null null
2025-10-22 09:22:55.314 +02:00 [INF] Request starting HTTP/1.1 GET http://localhost:5003/images/hero-nurse.jpg - null null
2025-10-22 09:22:55.317 +02:00 [INF] Request starting HTTP/1.1 GET http://localhost:5003/images/hero-client.jpg - null null
2025-10-22 09:22:55.328 +02:00 [INF] Sending file. Request path: '/css/home.css'. Physical path: 'C:\Users\saski\Desktop\Webapplikasjoner\2\webprogrammering2025\Homecare\wwwroot\css\home.css'
2025-10-22 09:22:55.330 +02:00 [INF] Request finished HTTP/1.1 GET http://localhost:5003/css/home.css?v=imZIJGRfqAAhGxUdOFUSfwbqIAkiF9uJ1BlEZJ23vnA - 200 5184 text/css 25.2092ms
2025-10-22 09:22:55.334 +02:00 [INF] Sending file. Request path: '/images/hero-nurse.jpg'. Physical path: 'C:\Users\saski\Desktop\Webapplikasjoner\2\webprogrammering2025\Homecare\wwwroot\images\hero-nurse.jpg'
2025-10-22 09:22:55.334 +02:00 [INF] Request starting HTTP/1.1 GET http://localhost:5003/images/hero-admin.jpg - null null
2025-10-22 09:22:55.334 +02:00 [INF] Sending file. Request path: '/images/hero-client.jpg'. Physical path: 'C:\Users\saski\Desktop\Webapplikasjoner\2\webprogrammering2025\Homecare\wwwroot\images\hero-client.jpg'
2025-10-22 09:22:55.340 +02:00 [INF] Request finished HTTP/1.1 GET http://localhost:5003/images/hero-nurse.jpg - 200 51552 image/jpeg 25.4046ms
2025-10-22 09:22:55.345 +02:00 [INF] Sending file. Request path: '/images/hero-admin.jpg'. Physical path: 'C:\Users\saski\Desktop\Webapplikasjoner\2\webprogrammering2025\Homecare\wwwroot\images\hero-admin.jpg'
2025-10-22 09:22:55.345 +02:00 [INF] Request finished HTTP/1.1 GET http://localhost:5003/images/hero-client.jpg - 200 59282 image/jpeg 28.6999ms
2025-10-22 09:22:55.353 +02:00 [INF] Request finished HTTP/1.1 GET http://localhost:5003/images/hero-admin.jpg - 200 51919 image/jpeg 19.2535ms
2025-10-22 09:24:41.655 +02:00 [INF] Request starting HTTP/1.1 GET http://localhost:5003/ - null null
2025-10-22 09:24:41.664 +02:00 [INF] Executing endpoint 'Homecare.Controllers.HomeController.Index (Homecare)'
2025-10-22 09:24:41.665 +02:00 [INF] Route matched with {action = "Index", controller = "Home", page = "", area = ""}. Executing controller action with signature Microsoft.AspNetCore.Mvc.IActionResult Index() on controller Homecare.Controllers.HomeController (Homecare).
2025-10-22 09:24:41.668 +02:00 [INF] Executing ViewResult, running view Index.
2025-10-22 09:24:41.685 +02:00 [INF] Executed ViewResult - view Index executed in 17.1592ms.
2025-10-22 09:24:41.687 +02:00 [INF] Executed action Homecare.Controllers.HomeController.Index (Homecare) in 20.8769ms
2025-10-22 09:24:41.691 +02:00 [INF] Executed endpoint 'Homecare.Controllers.HomeController.Index (Homecare)'
2025-10-22 09:24:41.693 +02:00 [INF] Request finished HTTP/1.1 GET http://localhost:5003/ - 200 null text/html; charset=utf-8 37.7849ms
2025-10-22 09:26:53.869 +02:00 [INF] Application is shutting down...
